Removed Pin From Net: NetName=GND Pin=C8-2
Removed Pin From Net: NetName=GND Pin=C9-2
Removed Pin From Net: NetName=GND Pin=D4-1
Removed Pin From Net: NetName=GND Pin=D5-1
Removed Pin From Net: NetName=GND Pin=U1-1
Removed Pin From Net: NetName=GND Pin=U1-10
Removed Pin From Net: NetName=GND Pin=U1-11
Removed Pin From Net: NetName=GND Pin=U1-19
Removed Pin From Net: NetName=GND Pin=U1-20
Added Component: Designator=T1(NET_TIE_2.0mm)
Added Component: Designator=T2(NET_TIE_2.0mm)
Added Component: Designator=TP8(TP_1_5mm_SMD)
Added Component: Designator=TP9(TP_1_5mm_SMD)
Added Pin To Net: NetName=GND Pin=T1-1
Added Pin To Net: NetName=GND Pin=T2-1
Added Pin To Net: NetName=DGND Pin=D4-1
Added Pin To Net: NetName=DGND Pin=D5-1
Added Pin To Net: NetName=DGND Pin=T1-2
Added Pin To Net: NetName=DGND Pin=TP9-1
Added Pin To Net: NetName=DGND Pin=U1-1
Added Pin To Net: NetName=DGND Pin=U1-10
Added Pin To Net: NetName=DGND Pin=U1-11
Added Pin To Net: NetName=DGND Pin=U1-19
Added Pin To Net: NetName=DGND Pin=U1-20
Added Pin To Net: NetName=DGND Pin=U1-21
Added Net: Name=DGND
Added Pin To Net: NetName=MO_GND Pin=C8-2
Added Pin To Net: NetName=MO_GND Pin=C9-2
Added Pin To Net: NetName=MO_GND Pin=T2-2
Added Pin To Net: NetName=MO_GND Pin=TP8-1
Added Net: Name=MO_GND
Added Member To Class: ClassName=MotorDriver_BrushedMotor_Communication Member=Component T1 NET_TIE
Added Member To Class: ClassName=MotorDriver_BrushedMotor_Communication Member=Component T2 NET_TIE
Added Member To Class: ClassName=MotorDriver_BrushedMotor_IO Member=Component TP8 Test_Point
Added Member To Class: ClassName=MotorDriver_BrushedMotor_Communication Member=Component TP9 Test_Point
