2024-07-11 02:35:27,353 [INFO] Activator:176 - 


2024-07-11 02:35:27,359 [INFO] Activator:177 - !SESSION log4j initialized
2024-07-11 02:35:32,937 [INFO] LogOutputStream:77 - [STDOUT_REDIRECT] 
2024-07-11 02:35:35,032 [INFO] ApplicationProperties:184 - Using Application install path: C:\ST\STM32CubeIDE_1.13.1\STM32CubeIDE\plugins\com.st.stm32cube.common.mx_6.9.1.202307191849
2024-07-11 02:35:35,049 [INFO] DbMcusXml:78 - Set database path to: C:\ST\STM32CubeIDE_1.13.1\STM32CubeIDE\plugins\com.st.stm32cube.common.mx_6.9.1.202307191849\\db\/mcu/
2024-07-11 02:35:35,049 [INFO] ApiDb:274 - Set plugin database path to: C:\ST\STM32CubeIDE_1.13.1\STM32CubeIDE\plugins\com.st.stm32cube.common.mx_6.9.1.202307191849\\db\/plugins/boardmanager/
2024-07-11 02:35:35,050 [WARN] ApiDb:259 - Overriding images path with different value:  => C:\ST\STM32CubeIDE_1.13.1\STM32CubeIDE\plugins\com.st.stm32cube.common.mx_6.9.1.202307191849\\db\/plugins/mcufinder/images/
2024-07-11 02:35:35,066 [INFO] ApiDb:250 - Set database path to: C:\Users\admin\.stmcufinder\plugins\mcufinder//mcu/
2024-07-11 02:35:35,067 [INFO] DbMcusAds:125 - Set database path to: C:\Users\admin\.stmcufinder\plugins\mcufinder//mcu/
2024-07-11 02:35:35,069 [INFO] CrossReferenceDbSqlite:203 - Set database path to: C:\Users\admin\.stmcufinder\plugins\mcufinder//mcu/cs/
2024-07-11 02:35:35,186 [INFO] RulesReader:64 - Compatibility file has been processed (293 Rules)
2024-07-11 02:35:35,263 [INFO] DbMcusXml:78 - Set database path to: C:\ST\STM32CubeIDE_1.13.1\STM32CubeIDE\plugins\com.st.stm32cube.common.mx_6.9.1.202307191849\\db\/mcu/
2024-07-11 02:35:35,263 [INFO] ApiDb:274 - Set plugin database path to: C:\ST\STM32CubeIDE_1.13.1\STM32CubeIDE\plugins\com.st.stm32cube.common.mx_6.9.1.202307191849\\db\/plugins/boardmanager/
2024-07-11 02:35:35,263 [INFO] ApiDb:261 - Set plugin images path to: C:\ST\STM32CubeIDE_1.13.1\STM32CubeIDE\plugins\com.st.stm32cube.common.mx_6.9.1.202307191849\\db\/plugins/mcufinder/images/
2024-07-11 02:35:35,263 [WARN] DbFile:41 - Overriding database path with different value: C:\Users\admin\.stmcufinder\plugins\mcufinder/ => C:\Users\admin\.stmcufinder\plugins\mcufinder
2024-07-11 02:35:35,263 [INFO] ApiDb:250 - Set database path to: C:\Users\admin\.stmcufinder\plugins\mcufinder//mcu/
2024-07-11 02:35:35,263 [WARN] DbFile:41 - Overriding database path with different value: C:\Users\admin\.stmcufinder\plugins\mcufinder/ => C:\Users\admin\.stmcufinder\plugins\mcufinder
2024-07-11 02:35:35,263 [INFO] DbMcusAds:125 - Set database path to: C:\Users\admin\.stmcufinder\plugins\mcufinder//mcu/
2024-07-11 02:35:35,263 [WARN] DbFile:41 - Overriding database path with different value: C:\Users\admin\.stmcufinder\plugins\mcufinder/ => C:\Users\admin\.stmcufinder\plugins\mcufinder
2024-07-11 02:35:35,263 [WARN] DbFile:41 - Overriding database path with different value: C:\Users\admin\.stmcufinder\plugins\mcufinder/ => C:\Users\admin\.stmcufinder\plugins\mcufinder
2024-07-11 02:35:35,263 [INFO] CrossReferenceDbSqlite:203 - Set database path to: C:\Users\admin\.stmcufinder\plugins\mcufinder//mcu/cs/
2024-07-11 02:35:35,333 [INFO] MainPanel:262 - HeapMemory: 268435456
2024-07-11 02:35:35,424 [INFO] DbMcusXml:78 - Set database path to: C:\ST\STM32CubeIDE_1.13.1\STM32CubeIDE\plugins\com.st.stm32cube.common.mx_6.9.1.202307191849\\db\/mcu/
2024-07-11 02:35:35,426 [INFO] ApiDb:274 - Set plugin database path to: C:\ST\STM32CubeIDE_1.13.1\STM32CubeIDE\plugins\com.st.stm32cube.common.mx_6.9.1.202307191849\\db\/plugins/boardmanager/
2024-07-11 02:35:35,426 [INFO] ApiDb:261 - Set plugin images path to: C:\ST\STM32CubeIDE_1.13.1\STM32CubeIDE\plugins\com.st.stm32cube.common.mx_6.9.1.202307191849\\db\/plugins/mcufinder/images/
2024-07-11 02:35:35,426 [WARN] DbFile:41 - Overriding database path with different value: C:\Users\admin\.stmcufinder\plugins\mcufinder/ => C:\Users\admin\.stmcufinder\plugins\mcufinder
2024-07-11 02:35:35,426 [INFO] ApiDb:250 - Set database path to: C:\Users\admin\.stmcufinder\plugins\mcufinder//mcu/
2024-07-11 02:35:35,426 [WARN] DbFile:41 - Overriding database path with different value: C:\Users\admin\.stmcufinder\plugins\mcufinder/ => C:\Users\admin\.stmcufinder\plugins\mcufinder
2024-07-11 02:35:35,426 [INFO] DbMcusAds:125 - Set database path to: C:\Users\admin\.stmcufinder\plugins\mcufinder//mcu/
2024-07-11 02:35:35,426 [WARN] DbFile:41 - Overriding database path with different value: C:\Users\admin\.stmcufinder\plugins\mcufinder/ => C:\Users\admin\.stmcufinder\plugins\mcufinder
2024-07-11 02:35:35,426 [WARN] DbFile:41 - Overriding database path with different value: C:\Users\admin\.stmcufinder\plugins\mcufinder/ => C:\Users\admin\.stmcufinder\plugins\mcufinder
2024-07-11 02:35:35,427 [INFO] CrossReferenceDbSqlite:203 - Set database path to: C:\Users\admin\.stmcufinder\plugins\mcufinder//mcu/cs/
2024-07-11 02:35:35,444 [INFO] ApplicationProperties:184 - Using Application install path: C:\ST\STM32CubeIDE_1.13.1\STM32CubeIDE\plugins\com.st.stm32cube.common.mx_6.9.1.202307191849
2024-07-11 02:35:35,445 [INFO] PluginManage:196 - Search for loadable plugins [exclusion list=, ]
2024-07-11 02:35:35,447 [INFO] PluginManage:310 - Check plugin analytics
2024-07-11 02:35:35,576 [INFO] AnalyticsPlugin:253 - Accepted Software Licenses: STM32CubeMX.6.8.1
2024-07-11 02:35:35,577 [INFO] AnalyticsPlugin:255 - Accepted CMSIS Pack Licenses: 
2024-07-11 02:35:35,577 [INFO] AnalyticsPlugin:257 - Accepted Firmware Licenses: FW.F4.1.27.0,FW.G4.1.5.0
2024-07-11 02:35:35,579 [INFO] PluginManage:359 - Loaded plugin analytics (category:tool,tabindex:-1)
2024-07-11 02:35:35,579 [INFO] PluginManage:310 - Check plugin cadmodel
2024-07-11 02:35:35,593 [INFO] CADModel:105 - Init CAD model plugin
2024-07-11 02:35:35,593 [INFO] PluginManage:359 - Loaded plugin cadmodel (category:power,tabindex:5)
2024-07-11 02:35:35,593 [INFO] PluginManage:310 - Check plugin clock
2024-07-11 02:35:35,610 [INFO] PluginManage:359 - Loaded plugin clock (category:base,tabindex:2)
2024-07-11 02:35:35,611 [INFO] PluginManage:310 - Check plugin ddr
2024-07-11 02:35:35,613 [INFO] PluginManage:359 - Loaded plugin ddr (category:tool,tabindex:6)
2024-07-11 02:35:35,613 [INFO] PluginManage:310 - Check plugin filemanager
2024-07-11 02:35:35,732 [INFO] PluginManage:359 - Loaded plugin filemanager (category:base,tabindex:10)
2024-07-11 02:35:35,733 [INFO] PluginManage:310 - Check plugin ipmanager
2024-07-11 02:35:35,739 [INFO] PluginManage:359 - Loaded plugin ipmanager (category:base,tabindex:5)
2024-07-11 02:35:35,739 [INFO] PluginManage:310 - Check plugin lpbam
2024-07-11 02:35:35,755 [INFO] PluginManage:359 - Loaded plugin lpbam (category:base,tabindex:0)
2024-07-11 02:35:35,755 [INFO] PluginManage:310 - Check plugin memorymap
2024-07-11 02:35:35,776 [INFO] PluginManage:359 - Loaded plugin memorymap (category:base,tabindex:4)
2024-07-11 02:35:35,776 [INFO] PluginManage:310 - Check plugin pinoutandconfiguration
2024-07-11 02:35:35,793 [INFO] PluginManage:359 - Loaded plugin pinoutandconfiguration (category:base,tabindex:1)
2024-07-11 02:35:35,793 [INFO] PluginManage:310 - Check plugin pinoutconfig
2024-07-11 02:35:35,878 [WARN] SupportedApi:132 - Cannot load RTOS API schema: s4s-elt-must-match.1: The content of 'definitions' must match (annotation?, (simpleType | complexType)?, (unique | key | keyref)*)). A problem was found starting at: attribute.
2024-07-11 02:35:35,993 [INFO] PluginManage:359 - Loaded plugin pinoutconfig (category:base,tabindex:0)
2024-07-11 02:35:35,994 [INFO] PluginManage:310 - Check plugin power
2024-07-11 02:35:36,012 [INFO] PluginManage:359 - Loaded plugin power (category:power,tabindex:4)
2024-07-11 02:35:36,013 [INFO] PluginManage:310 - Check plugin projectmanager
2024-07-11 02:35:36,023 [INFO] PluginManage:359 - Loaded plugin projectmanager (category:projectmanager,tabindex:3)
2024-07-11 02:35:36,025 [INFO] PluginManage:310 - Check plugin thirdparty
2024-07-11 02:35:36,282 [INFO] PluginManage:359 - Loaded plugin thirdparty (category:base,tabindex:-1)
2024-07-11 02:35:36,282 [INFO] PluginManage:310 - Check plugin tools
2024-07-11 02:35:36,282 [WARN] IntegrityCheckThread:84 - waiting for thirdparty lock release [integrity check]
2024-07-11 02:35:36,282 [INFO] IntegrityCheckThread:86 - entering critical section [integrity check]
2024-07-11 02:35:36,282 [INFO] ThirdPartyUpdaterWithRetryManager:70 - Updater plugin not ready yet. [1/15]
2024-07-11 02:35:36,313 [INFO] PluginManage:359 - Loaded plugin tools (category:base,tabindex:7)
2024-07-11 02:35:36,313 [INFO] PluginManage:310 - Check plugin tutovideos
2024-07-11 02:35:36,495 [INFO] PluginManage:359 - Loaded plugin tutovideos (category:base,tabindex:-1)
2024-07-11 02:35:36,496 [INFO] PluginManage:310 - Check plugin updater
2024-07-11 02:35:36,506 [INFO] PluginManage:359 - Loaded plugin updater (category:base,tabindex:12)
2024-07-11 02:35:36,506 [INFO] PluginManage:310 - Check plugin userauth
2024-07-11 02:35:36,512 [INFO] UserAuth:113 - Init User Auth plugin
2024-07-11 02:35:36,512 [INFO] PluginManage:359 - Loaded plugin userauth (category:base,tabindex:14)
2024-07-11 02:35:36,512 [INFO] PluginManage:283 - PluginManage : Loaded plugins [17]
2024-07-11 02:35:36,708 [INFO] PinOutPanel:1499 - setPackage(No Configuration,No Configuration)
2024-07-11 02:35:36,805 [INFO] CADModel:165 - CPN selected for project level
2024-07-11 02:35:36,806 [INFO] CADModel:114 - Register for checkConnection events
2024-07-11 02:35:36,833 [INFO] IPUIPlugin:80 - create IPUIPlugin
2024-07-11 02:35:36,833 [INFO] PluginManager:220 - loadIPPluginJar : add adc
2024-07-11 02:35:36,872 [INFO] IPUIPlugin:80 - create IPUIPlugin
2024-07-11 02:35:36,872 [INFO] PluginManager:220 - loadIPPluginJar : add aes
2024-07-11 02:35:36,912 [INFO] IPUIPlugin:80 - create IPUIPlugin
2024-07-11 02:35:36,912 [INFO] PluginManager:220 - loadIPPluginJar : add can
2024-07-11 02:35:36,935 [INFO] IPUIPlugin:80 - create IPUIPlugin
2024-07-11 02:35:36,935 [INFO] PluginManager:220 - loadIPPluginJar : add comp
2024-07-11 02:35:36,971 [INFO] IPUIPlugin:80 - create IPUIPlugin
2024-07-11 02:35:36,971 [INFO] PluginManager:220 - loadIPPluginJar : add cryp
2024-07-11 02:35:36,997 [INFO] IPUIPlugin:80 - create IPUIPlugin
2024-07-11 02:35:36,997 [INFO] PluginManager:220 - loadIPPluginJar : add dfsdm
2024-07-11 02:35:37,009 [INFO] IPUIPlugin:80 - create IPUIPlugin
2024-07-11 02:35:37,010 [INFO] PluginManager:220 - loadIPPluginJar : add dma
2024-07-11 02:35:37,046 [INFO] IPUIPlugin:80 - create IPUIPlugin
2024-07-11 02:35:37,046 [INFO] PluginManager:220 - loadIPPluginJar : add dma3
2024-07-11 02:35:37,064 [INFO] IPUIPlugin:80 - create IPUIPlugin
2024-07-11 02:35:37,064 [INFO] PluginManager:220 - loadIPPluginJar : add fatfs
2024-07-11 02:35:37,104 [INFO] IPUIPlugin:80 - create IPUIPlugin
2024-07-11 02:35:37,104 [INFO] PluginManager:220 - loadIPPluginJar : add fmc
2024-07-11 02:35:37,118 [INFO] IPUIPlugin:80 - create IPUIPlugin
2024-07-11 02:35:37,118 [INFO] PluginManager:220 - loadIPPluginJar : add freertos
2024-07-11 02:35:37,138 [INFO] IPUIPlugin:80 - create IPUIPlugin
2024-07-11 02:35:37,139 [INFO] PluginManager:220 - loadIPPluginJar : add genericplugin
2024-07-11 02:35:37,220 [INFO] IPUIPlugin:80 - create IPUIPlugin
2024-07-11 02:35:37,220 [INFO] PluginManager:220 - loadIPPluginJar : add gfxmmu
2024-07-11 02:35:37,322 [INFO] IPUIPlugin:80 - create IPUIPlugin
2024-07-11 02:35:37,322 [INFO] PluginManager:220 - loadIPPluginJar : add gic
2024-07-11 02:35:37,333 [INFO] IPUIPlugin:80 - create IPUIPlugin
2024-07-11 02:35:37,333 [INFO] PluginManager:220 - loadIPPluginJar : add gpio
2024-07-11 02:35:37,411 [INFO] IPUIPlugin:80 - create IPUIPlugin
2024-07-11 02:35:37,411 [INFO] PluginManager:220 - loadIPPluginJar : add gtzc
2024-07-11 02:35:37,437 [INFO] IPUIPlugin:80 - create IPUIPlugin
2024-07-11 02:35:37,437 [INFO] PluginManager:220 - loadIPPluginJar : add hash
2024-07-11 02:35:37,488 [INFO] IPUIPlugin:80 - create IPUIPlugin
2024-07-11 02:35:37,488 [INFO] PluginManager:220 - loadIPPluginJar : add i2c
2024-07-11 02:35:37,521 [INFO] IPUIPlugin:80 - create IPUIPlugin
2024-07-11 02:35:37,521 [INFO] PluginManager:220 - loadIPPluginJar : add i2s
2024-07-11 02:35:37,552 [INFO] IPUIPlugin:80 - create IPUIPlugin
2024-07-11 02:35:37,553 [INFO] PluginManager:220 - loadIPPluginJar : add i3c
2024-07-11 02:35:37,637 [INFO] IPUIPlugin:80 - create IPUIPlugin
2024-07-11 02:35:37,638 [INFO] PluginManager:220 - loadIPPluginJar : add ipddr
2024-07-11 02:35:37,717 [INFO] IPUIPlugin:80 - create IPUIPlugin
2024-07-11 02:35:37,717 [INFO] PluginManager:220 - loadIPPluginJar : add linkedlist
2024-07-11 02:35:37,749 [INFO] IPUIPlugin:80 - create IPUIPlugin
2024-07-11 02:35:37,749 [INFO] PluginManager:220 - loadIPPluginJar : add lorawan
2024-07-11 02:35:37,786 [INFO] IPUIPlugin:80 - create IPUIPlugin
2024-07-11 02:35:37,786 [INFO] PluginManager:220 - loadIPPluginJar : add ltdc
2024-07-11 02:35:37,800 [INFO] IPUIPlugin:80 - create IPUIPlugin
2024-07-11 02:35:37,800 [INFO] PluginManager:220 - loadIPPluginJar : add mdma
2024-07-11 02:35:37,811 [INFO] IPUIPlugin:80 - create IPUIPlugin
2024-07-11 02:35:37,811 [INFO] PluginManager:220 - loadIPPluginJar : add nvic
2024-07-11 02:35:37,844 [INFO] IPUIPlugin:80 - create IPUIPlugin
2024-07-11 02:35:37,844 [INFO] PluginManager:220 - loadIPPluginJar : add opamp
2024-07-11 02:35:37,900 [INFO] IPUIPlugin:80 - create IPUIPlugin
2024-07-11 02:35:37,900 [INFO] PluginManager:220 - loadIPPluginJar : add openamp
2024-07-11 02:35:37,941 [INFO] IPUIPlugin:80 - create IPUIPlugin
2024-07-11 02:35:37,941 [INFO] PluginManager:220 - loadIPPluginJar : add pdm2pcm
2024-07-11 02:35:37,953 [INFO] IPUIPlugin:80 - create IPUIPlugin
2024-07-11 02:35:37,956 [INFO] PluginManager:220 - loadIPPluginJar : add plateformsettings
2024-07-11 02:35:37,977 [INFO] IPUIPlugin:80 - create IPUIPlugin
2024-07-11 02:35:37,977 [INFO] PluginManager:220 - loadIPPluginJar : add quadspi
2024-07-11 02:35:37,989 [INFO] IPUIPlugin:80 - create IPUIPlugin
2024-07-11 02:35:37,989 [INFO] PluginManager:220 - loadIPPluginJar : add resmgrutility
2024-07-11 02:35:38,031 [INFO] IPUIPlugin:80 - create IPUIPlugin
2024-07-11 02:35:38,031 [INFO] PluginManager:220 - loadIPPluginJar : add sai
2024-07-11 02:35:38,060 [INFO] IPUIPlugin:80 - create IPUIPlugin
2024-07-11 02:35:38,060 [INFO] PluginManager:220 - loadIPPluginJar : add spi
2024-07-11 02:35:38,107 [INFO] IPUIPlugin:80 - create IPUIPlugin
2024-07-11 02:35:38,107 [INFO] PluginManager:220 - loadIPPluginJar : add stm32_wpan
2024-07-11 02:35:38,126 [INFO] IPUIPlugin:80 - create IPUIPlugin
2024-07-11 02:35:38,126 [INFO] PluginManager:220 - loadIPPluginJar : add tim
2024-07-11 02:35:38,169 [INFO] IPUIPlugin:80 - create IPUIPlugin
2024-07-11 02:35:38,169 [INFO] PluginManager:220 - loadIPPluginJar : add touchsensing
2024-07-11 02:35:38,189 [INFO] IPUIPlugin:80 - create IPUIPlugin
2024-07-11 02:35:38,189 [INFO] PluginManager:220 - loadIPPluginJar : add tracer_emb
2024-07-11 02:35:38,208 [INFO] IPUIPlugin:80 - create IPUIPlugin
2024-07-11 02:35:38,208 [INFO] PluginManager:220 - loadIPPluginJar : add ts
2024-07-11 02:35:38,227 [INFO] IPUIPlugin:80 - create IPUIPlugin
2024-07-11 02:35:38,227 [INFO] PluginManager:220 - loadIPPluginJar : add tsc
2024-07-11 02:35:38,248 [INFO] IPUIPlugin:80 - create IPUIPlugin
2024-07-11 02:35:38,248 [INFO] PluginManager:220 - loadIPPluginJar : add ucpd
2024-07-11 02:35:38,283 [INFO] IPUIPlugin:80 - create IPUIPlugin
2024-07-11 02:35:38,283 [INFO] PluginManager:220 - loadIPPluginJar : add usart
2024-07-11 02:35:38,318 [INFO] IPUIPlugin:80 - create IPUIPlugin
2024-07-11 02:35:38,318 [INFO] PluginManager:220 - loadIPPluginJar : add usbx
2024-07-11 02:35:38,429 [INFO] CADModel:165 - CPN selected for project level
2024-07-11 02:35:38,430 [INFO] CADModel:114 - Register for checkConnection events
2024-07-11 02:35:38,430 [FATAL] Updater:308 - Updater called before beeing initialized
2024-07-11 02:35:38,430 [ERROR] CADModel:125 - Updater not yet initialized, retry later 
2024-07-11 02:35:38,562 [INFO] CADModel:165 - CPN selected for project level
2024-07-11 02:35:38,562 [INFO] CADModel:114 - Register for checkConnection events
2024-07-11 02:35:38,562 [FATAL] Updater:308 - Updater called before beeing initialized
2024-07-11 02:35:38,562 [ERROR] CADModel:125 - Updater not yet initialized, retry later 
2024-07-11 02:35:38,565 [FATAL] Updater:308 - Updater called before beeing initialized
2024-07-11 02:35:38,645 [FATAL] Updater:308 - Updater called before beeing initialized
2024-07-11 02:35:38,655 [INFO] DbMcusAds:53 - JSON generation date=Thu May 16 16:22:00 ICT 2024 (1715851320667)
2024-07-11 02:35:38,655 [FATAL] Updater:308 - Updater called before beeing initialized
2024-07-11 02:35:38,725 [WARN] DetailPanel:346 - Failed to get advertising image, set to default
2024-07-11 02:35:38,807 [FATAL] Updater:308 - Updater called before beeing initialized
2024-07-11 02:35:38,809 [FATAL] Updater:308 - Updater called before beeing initialized
2024-07-11 02:35:38,809 [FATAL] Updater:308 - Updater called before beeing initialized
2024-07-11 02:35:38,809 [WARN] DetailPanel:346 - Failed to get advertising image, set to default
2024-07-11 02:35:38,809 [FATAL] Updater:308 - Updater called before beeing initialized
2024-07-11 02:35:38,869 [ERROR] Updater:1120 - MainUpdater not yet initialized. External WinMGr cannot be set.
2024-07-11 02:35:38,880 [INFO] Updater:1056 - Updater Version found : 6.9.1
2024-07-11 02:35:38,896 [INFO] ApplicationProperties:184 - Using Application install path: C:\ST\STM32CubeIDE_1.13.1\STM32CubeIDE\plugins\com.st.stm32cube.common.mx_6.9.1.202307191849
2024-07-11 02:35:39,072 [INFO] MainUpdater:2868 - connection check result : 10
2024-07-11 02:35:39,073 [INFO] MainUpdater:285 - Updater Check For Update Now.
2024-07-11 02:35:39,073 [INFO] MicroXplorer:498 - Change Database Version : DB.6.0.91
2024-07-11 02:35:39,088 [INFO] McuFinderGlobals:63 - Set McuFinder mode to 2 (CubeIDE integrated)
2024-07-11 02:35:39,088 [INFO] UserAuth:179 - activating auth plugin
2024-07-11 02:35:39,091 [INFO] UserAuth:393 - Internet connection configuration mode: 1
2024-07-11 02:35:39,125 [INFO] JxBrowserEngine:151 - Initiate JxBrowser Engine with user profile folder
2024-07-11 02:35:39,262 [INFO] CheckServerUpdateThread:120 - End of CheckServer Thread
2024-07-11 02:35:39,510 [WARN] PackLoader:240 - Cannot read IP mode file for STMicroelectronics.FP-SNS-MOTENVWB1.1.4.0
2024-07-11 02:35:39,526 [WARN] PackLoader:240 - Cannot read IP mode file for STMicroelectronics.X-CUBE-SMBUS.2.1.0
2024-07-11 02:35:39,538 [WARN] PackLoader:240 - Cannot read IP mode file for STMicroelectronics.X-CUBE-TOUCHGFX.4.23.1
2024-07-11 02:35:39,549 [WARN] PackLoader:240 - Cannot read IP mode file for STMicroelectronics.X-CUBE-TOUCHGFX.4.23.0
2024-07-11 02:35:39,561 [WARN] PackLoader:240 - Cannot read IP mode file for STMicroelectronics.X-CUBE-TOUCHGFX.4.23.2
2024-07-11 02:35:39,598 [WARN] PackLoader:240 - Cannot read IP mode file for STMicroelectronics.X-CUBE-AZRTOS-F7.1.1.0
2024-07-11 02:35:39,617 [WARN] PackLoader:240 - Cannot read IP mode file for STMicroelectronics.FP-SNS-MOTENV1.4.3.2
2024-07-11 02:35:39,630 [WARN] PackLoader:240 - Cannot read IP mode file for STMicroelectronics.FP-SNS-FLIGHT1.5.0.1
2024-07-11 02:35:39,646 [WARN] PackLoader:240 - Cannot read IP mode file for STMicroelectronics.X-CUBE-BLE1.6.2.4
2024-07-11 02:35:39,657 [WARN] PackLoader:240 - Cannot read IP mode file for STMicroelectronics.FP-SNS-FLIGHT1.5.0.2
2024-07-11 02:35:39,672 [WARN] PackLoader:240 - Cannot read IP mode file for STMicroelectronics.X-CUBE-DISPLAY.3.0.0
2024-07-11 02:35:39,690 [WARN] PackLoader:240 - Cannot read IP mode file for STMicroelectronics.X-CUBE-BLE1.7.0.0
2024-07-11 02:35:39,704 [WARN] PackLoader:240 - Cannot read IP mode file for emotas.I-CUBE-CANOPEN.1.3.0
2024-07-11 02:35:39,715 [WARN] PackLoader:240 - Cannot read IP mode file for STMicroelectronics.X-CUBE-TOUCHGFX.4.22.0
2024-07-11 02:35:39,726 [WARN] PackLoader:240 - Cannot read IP mode file for STMicroelectronics.X-CUBE-TOUCHGFX.4.22.1
2024-07-11 02:35:39,744 [WARN] PackLoader:240 - Cannot read IP mode file for STMicroelectronics.X-CUBE-BLEMGR.3.1.0
2024-07-11 02:35:39,759 [WARN] PackLoader:240 - Cannot read IP mode file for STMicroelectronics.FP-SNS-SMARTAG2.1.2.0
2024-07-11 02:35:39,780 [INFO] LogOutputStream:77 - [STDOUT_REDIRECT] 1 : Invalid condition id : UX_CORESTACK_Condition cause : null
2024-07-11 02:35:39,780 [INFO] LogOutputStream:77 - [STDOUT_REDIRECT] 1 : Invalid condition id : UX_CORESTACK_Condition cause : null
2024-07-11 02:35:39,781 [INFO] LogOutputStream:77 - [STDOUT_REDIRECT] 1 : Invalid condition id : UX_CORESTACK_Condition cause : null
2024-07-11 02:35:39,782 [INFO] LogOutputStream:77 - [STDOUT_REDIRECT] 1 : Invalid condition id : UX_CORESTACK_Condition cause : null
2024-07-11 02:35:39,783 [INFO] LogOutputStream:77 - [STDOUT_REDIRECT] 1 : Invalid condition id : UX_CORESTACK_Condition cause : null
2024-07-11 02:35:39,786 [WARN] PackLoader:240 - Cannot read IP mode file for STMicroelectronics.X-CUBE-AZRTOS-WL.2.0.0
2024-07-11 02:35:39,801 [WARN] PackLoader:240 - Cannot read IP mode file for STMicroelectronics.FP-SNS-MOTENV1.5.0.0
2024-07-11 02:35:39,812 [WARN] PackLoader:240 - Cannot read IP mode file for wolfSSL.I-CUBE-wolfMQTT.1.19.0
2024-07-11 02:35:39,826 [WARN] PackLoader:240 - Cannot read IP mode file for WES.I-CUBE-Cesium.1.3.0
2024-07-11 02:35:39,838 [WARN] PackLoader:240 - Cannot read IP mode file for STMicroelectronics.X-CUBE-BLE2.3.3.0
2024-07-11 02:35:39,852 [WARN] PackLoader:240 - Cannot read IP mode file for STMicroelectronics.X-CUBE-TCPP.4.1.0
2024-07-11 02:35:39,871 [WARN] PackLoader:240 - Cannot read IP mode file for STMicroelectronics.X-CUBE-ALGOBUILD.1.3.0
2024-07-11 02:35:39,895 [WARN] PackLoader:240 - Cannot read IP mode file for STMicroelectronics.X-CUBE-AZRTOS-G0.1.1.0
2024-07-11 02:35:39,913 [WARN] PackLoader:240 - Cannot read IP mode file for STMicroelectronics.X-CUBE-SAFEA1.1.2.2
2024-07-11 02:35:39,926 [WARN] PackLoader:240 - Cannot read IP mode file for STMicroelectronics.X-CUBE-NFC4.3.0.0
2024-07-11 02:35:39,939 [WARN] PackLoader:240 - Cannot read IP mode file for wolfSSL.I-CUBE-wolfMQTT.1.18.0
2024-07-11 02:35:39,952 [ERROR] Engine:466 - C:\Users\admin\.stm32cubemx\thirdparties\pdsc\EmbeddedOffice.I-CUBE-FS-RTOS.1.0.1.pdsc: PDSC version is not supported
2024-07-11 02:35:39,966 [WARN] PackLoader:240 - Cannot read IP mode file for STMicroelectronics.X-CUBE-BLEMGR.3.0.0
2024-07-11 02:35:39,980 [ERROR] Engine:466 - C:\Users\admin\.stm32cubemx\thirdparties\pdsc\RealThread.X-CUBE-RT-Thread_Nano.4.1.1.pdsc: PDSC version is not supported
2024-07-11 02:35:39,994 [WARN] PackLoader:240 - Cannot read IP mode file for STMicroelectronics.FP-ATR-SIGFOX1.3.2.0
2024-07-11 02:35:40,008 [WARN] PackLoader:240 - Cannot read IP mode file for STMicroelectronics.X-CUBE-EEPRMA1.5.1.0
2024-07-11 02:35:40,041 [WARN] PackLoader:240 - Cannot read IP mode file for SEGGER.I-CUBE-embOS.1.3.1
2024-07-11 02:35:40,085 [WARN] PackLoader:240 - Cannot read IP mode file for STMicroelectronics.X-CUBE-ALGOBUILD.1.4.0
2024-07-11 02:35:40,098 [WARN] PackLoader:240 - Cannot read IP mode file for STMicroelectronics.X-CUBE-GNSS1.6.0.0
2024-07-11 02:35:40,126 [WARN] PackLoader:240 - Cannot read IP mode file for STMicroelectronics.X-CUBE-AZRTOS-F4.1.1.0
2024-07-11 02:35:40,139 [WARN] PackLoader:240 - Cannot read IP mode file for wolfSSL.I-CUBE-wolfSSL.5.6.3
2024-07-11 02:35:40,151 [WARN] PackLoader:240 - Cannot read IP mode file for STMicroelectronics.X-CUBE-FREERTOS.1.2.0
2024-07-11 02:35:40,178 [WARN] PackLoader:240 - Cannot read IP mode file for STMicroelectronics.X-CUBE-AZRTOS-L5.2.0.0
2024-07-11 02:35:40,230 [WARN] PackLoader:240 - Cannot read IP mode file for STMicroelectronics.X-CUBE-MEMS1.9.6.0
2024-07-11 02:35:40,348 [WARN] PackLoader:240 - Cannot read IP mode file for STMicroelectronics.X-CUBE-EEPRMA1.4.2.0
2024-07-11 02:35:40,363 [WARN] PackLoader:240 - Cannot read IP mode file for STMicroelectronics.X-CUBE-NFC6.3.1.0
2024-07-11 02:35:40,377 [WARN] PackLoader:240 - Cannot read IP mode file for ITTIA_DB.I-CUBE-ITTIADB.8.8.0
2024-07-11 02:35:40,391 [WARN] PackLoader:240 - Cannot read IP mode file for STMicroelectronics.X-CUBE-BLEMGR.2.0.0
2024-07-11 02:35:40,402 [ERROR] Engine:466 - C:\Users\admin\.stm32cubemx\thirdparties\pdsc\STMicroelectronics.X-CUBE-DPower.1.2.0.pdsc: PDSC version is not supported
2024-07-11 02:35:40,413 [WARN] PackLoader:240 - Cannot read IP mode file for STMicroelectronics.X-CUBE-AI.9.0.0
2024-07-11 02:35:40,441 [WARN] ConditionMgr:438 - getConditionDescription Invalid condition id : UX DEVICE CLASS RTOS Condition cause : null
2024-07-11 02:35:40,442 [WARN] ConditionMgr:438 - getConditionDescription Invalid condition id : UX DEVICE CLASS RTOS Condition cause : null
2024-07-11 02:35:40,444 [WARN] PackLoader:240 - Cannot read IP mode file for STMicroelectronics.X-CUBE-AZRTOS-H7.3.1.0
2024-07-11 02:35:40,446 [WARN] ConditionMgr:1039 - genDependencies : Invalid condition id : UX DEVICE CLASS RTOS Condition cause : null
2024-07-11 02:35:40,446 [WARN] ConditionMgr:1039 - genDependencies : Invalid condition id : UX DEVICE CLASS RTOS Condition cause : null
2024-07-11 02:35:40,446 [WARN] ConditionMgr:1039 - genDependencies : Invalid condition id : UX DEVICE CLASS RTOS Condition cause : null
2024-07-11 02:35:40,447 [WARN] ConditionMgr:1039 - genDependencies : Invalid condition id : UX DEVICE CLASS RTOS Condition cause : null
2024-07-11 02:35:40,447 [WARN] ConditionMgr:1039 - genDependencies : Invalid condition id : UX DEVICE CLASS RTOS Condition cause : null
2024-07-11 02:35:40,478 [WARN] PackLoader:240 - Cannot read IP mode file for STMicroelectronics.X-CUBE-NFC7.1.0.1
2024-07-11 02:35:40,491 [WARN] PackLoader:240 - Cannot read IP mode file for wolfSSL.I-CUBE-wolfTPM.3.2.0
2024-07-11 02:35:40,510 [WARN] PackLoader:240 - Cannot read IP mode file for STMicroelectronics.X-CUBE-NFC6.3.0.0
2024-07-11 02:35:40,527 [WARN] PackLoader:240 - Cannot read IP mode file for STMicroelectronics.X-CUBE-EEPRMA1.4.1.0
2024-07-11 02:35:40,538 [WARN] PackLoader:240 - Cannot read IP mode file for STMicroelectronics.X-CUBE-AI.8.1.0
2024-07-11 02:35:40,566 [WARN] ConditionMgr:438 - getConditionDescription Invalid condition id : LAN8742 Phy interface Condition cause : null
2024-07-11 02:35:40,566 [WARN] PackLoader:240 - Cannot read IP mode file for STMicroelectronics.X-CUBE-AZRTOS-L4.2.0.0
2024-07-11 02:35:40,567 [WARN] ConditionMgr:1039 - genDependencies : Invalid condition id : LAN8742 Phy interface Condition cause : null
2024-07-11 02:35:40,567 [WARN] ConditionMgr:1039 - genDependencies : Invalid condition id : LAN8742 Phy interface Condition cause : null
2024-07-11 02:35:40,569 [WARN] ConditionMgr:1039 - genDependencies : Invalid condition id : LAN8742 Phy interface Condition cause : null
2024-07-11 02:35:40,584 [WARN] PackLoader:240 - Cannot read IP mode file for STMicroelectronics.X-CUBE-SFXS2LP1.4.0.0
2024-07-11 02:35:40,597 [WARN] PackLoader:240 - Cannot read IP mode file for STMicroelectronics.X-CUBE-ISPU.1.1.0
2024-07-11 02:35:40,618 [WARN] ConditionMgr:438 - getConditionDescription Invalid condition id : UX DEVICE CLASS RTOS Condition cause : null
2024-07-11 02:35:40,618 [WARN] ConditionMgr:438 - getConditionDescription Invalid condition id : UX DEVICE CLASS RTOS Condition cause : null
2024-07-11 02:35:40,620 [WARN] PackLoader:240 - Cannot read IP mode file for STMicroelectronics.X-CUBE-AZRTOS-WB.2.0.0
2024-07-11 02:35:40,620 [WARN] ConditionMgr:1039 - genDependencies : Invalid condition id : UX DEVICE CLASS RTOS Condition cause : null
2024-07-11 02:35:40,620 [WARN] ConditionMgr:1039 - genDependencies : Invalid condition id : UX DEVICE CLASS RTOS Condition cause : null
2024-07-11 02:35:40,620 [WARN] ConditionMgr:1039 - genDependencies : Invalid condition id : UX DEVICE CLASS RTOS Condition cause : null
2024-07-11 02:35:40,620 [WARN] ConditionMgr:1039 - genDependencies : Invalid condition id : UX DEVICE CLASS RTOS Condition cause : null
2024-07-11 02:35:40,621 [WARN] ConditionMgr:1039 - genDependencies : Invalid condition id : UX DEVICE CLASS RTOS Condition cause : null
2024-07-11 02:35:40,632 [WARN] PackLoader:240 - Cannot read IP mode file for STMicroelectronics.X-CUBE-FREERTOS.1.0.1
2024-07-11 02:35:40,655 [WARN] PackLoader:240 - Cannot read IP mode file for STMicroelectronics.X-CUBE-AZRTOS-L5.1.1.0
2024-07-11 02:35:40,666 [WARN] PackLoader:240 - Cannot read IP mode file for STMicroelectronics.X-CUBE-AI.8.0.1
2024-07-11 02:35:40,685 [WARN] PackLoader:240 - Cannot read IP mode file for STMicroelectronics.X-CUBE-SUBG2.5.0.0
2024-07-11 02:35:40,705 [WARN] PackLoader:240 - Cannot read IP mode file for STMicroelectronics.X-CUBE-TOF1.3.3.1
2024-07-11 02:35:40,736 [WARN] PackLoader:240 - Cannot read IP mode file for STMicroelectronics.X-CUBE-AZRTOS-G4.2.0.0
2024-07-11 02:35:40,755 [WARN] PackLoader:240 - Cannot read IP mode file for STMicroelectronics.X-CUBE-TOF1.3.3.0
2024-07-11 02:35:40,781 [WARN] PackLoader:240 - Cannot read IP mode file for Infineon.AIROC-Wi-Fi-Bluetooth-STM32.1.5.1
2024-07-11 02:35:40,798 [WARN] PackLoader:240 - Cannot read IP mode file for STMicroelectronics.FP-SNS-MOTENVWB1.1.3.0
2024-07-11 02:35:40,809 [WARN] PackLoader:240 - Cannot read IP mode file for STMicroelectronics.FP-SNS-MOTENVWB1.1.3.1
2024-07-11 02:35:40,821 [WARN] PackLoader:240 - Cannot read IP mode file for STMicroelectronics.X-CUBE-ISPU.2.0.0
2024-07-11 02:35:40,834 [WARN] PackLoader:240 - Cannot read IP mode file for STMicroelectronics.X-CUBE-ALS.1.0.2
2024-07-11 02:35:40,879 [WARN] PackLoader:240 - Cannot read IP mode file for STMicroelectronics.X-CUBE-MEMS1.10.0.0
2024-07-11 02:35:41,020 [WARN] PackLoader:240 - Cannot read IP mode file for STMicroelectronics.X-CUBE-FREERTOS.1.1.0
2024-07-11 02:35:41,032 [WARN] PackLoader:240 - Cannot read IP mode file for STMicroelectronics.X-CUBE-TOUCHGFX.4.24.0
2024-07-11 02:35:41,045 [WARN] PackLoader:240 - Cannot read IP mode file for portGmbH.I-Cube-SoM-uGOAL.1.1.0
2024-07-11 02:35:41,059 [WARN] PackLoader:240 - Cannot read IP mode file for STMicroelectronics.X-CUBE-ALS.1.0.1
2024-07-11 02:35:41,079 [WARN] PackLoader:240 - Cannot read IP mode file for STMicroelectronics.X-CUBE-AZRTOS-WB.1.1.0
2024-07-11 02:35:41,107 [WARN] PackLoader:240 - Cannot read IP mode file for STMicroelectronics.X-CUBE-AZRTOS-H7RS.1.0.0
2024-07-11 02:35:41,122 [WARN] PackLoader:240 - Cannot read IP mode file for STMicroelectronics.FP-ATR-ASTRA1.2.0.0
2024-07-11 02:35:41,142 [WARN] PackLoader:240 - Cannot read IP mode file for STMicroelectronics.X-CUBE-TOF1.3.4.0
2024-07-11 02:35:41,169 [WARN] PackLoader:240 - Cannot read IP mode file for STMicroelectronics.X-CUBE-TOF1.3.4.1
2024-07-11 02:35:41,214 [WARN] PackLoader:240 - Cannot read IP mode file for STMicroelectronics.X-CUBE-AZRTOS-H7.3.2.0
2024-07-11 02:35:41,217 [INFO] ThirdParty:978 - Integrity check success = true
2024-07-11 02:35:41,217 [INFO] IntegrityCheckThread:100 - exiting critical section [integrity check]
2024-07-11 02:35:41,217 [INFO] IntegrityCheckThread:103 - End integrity checks thread
2024-07-11 02:35:41,877 [INFO] WebApp:157 - Instantiating new browser for Auth
2024-07-11 02:35:42,424 [INFO] WebApp:753 - Register for checkConnection events
2024-07-11 02:35:42,424 [INFO] WebApp:390 - Apply proxy settings
2024-07-11 02:35:42,424 [INFO] WebApp:475 - Chromium requires no authentication
2024-07-11 02:35:42,433 [INFO] WebApp:418 - Direct internet connection detected
2024-07-11 02:35:42,647 [INFO] WebApp:188 - Starting web application
2024-07-11 02:35:42,647 [INFO] WebApp:520 - Web application path used C:\ST\STM32CubeIDE_1.13.1\STM32CubeIDE\plugins\com.st.stm32cube.common.mx_6.9.1.202307191849\db\plugins\mcufinder\reactClient1\index.html
2024-07-11 02:36:03,508 [ERROR] LogOutputStream:75 - [STDERR_REDIRECT] SLF4J: Failed to load class "org.slf4j.impl.StaticLoggerBinder".
2024-07-11 02:36:03,509 [ERROR] LogOutputStream:75 - [STDERR_REDIRECT] SLF4J: Defaulting to no-operation (NOP) logger implementation
2024-07-11 02:36:03,509 [ERROR] LogOutputStream:75 - [STDERR_REDIRECT] SLF4J: See http://www.slf4j.org/codes.html#StaticLoggerBinder for further details.
2024-07-11 04:00:48,684 [ERROR] LogOutputStream:75 - [STDERR_REDIRECT] 
