Removed Pin From Net: NetName=+3.3 Pin=C1-1
Removed Pin From Net: NetName=GND Pin=C1-2
Removed Pin From Net: NetName=+5 Pin=C2-1
Removed Pin From Net: NetName=GND Pin=C2-2
Removed Pin From Net: NetName=+VIN Pin=C4-2
Removed Pin From Net: NetName=GND Pin=D1-1
Removed Pin From Net: NetName=GND Pin=D4-1
Removed Pin From Net: NetName=GND Pin=D5-1
Removed Pin From Net: NetName=+VIN Pin=R1-2
Removed Pin From Net: NetName=+VIN Pin=R2-2
Removed Pin From Net: NetName=GND Pin=R4-1
Removed Pin From Net: NetName=+5 Pin=R5-2
Removed Pin From Net: NetName=+3.3 Pin=R6-2
Removed Pin From Net: NetName=+5 Pin=R13-2
Removed Pin From Net: NetName=GND Pin=R16-1
Removed Pin From Net: NetName=OUT Pin=R18-1
Removed Pin From Net: NetName=GND Pin=R19-1
Removed Pin From Net: NetName=+5 Pin=R21-2
Removed Pin From Net: NetName=+3.3 Pin=R22-2
Removed Pin From Net: NetName=GND Pin=R23-1
Removed Pin From Net: NetName=+VIN Pin=U1-1
Removed Pin From Net: NetName=GND Pin=U1-3
Removed Pin From Net: NetName=GND Pin=U1-4
Removed Pin From Net: NetName=+3.3 Pin=U1-5
Removed Pin From Net: NetName=+VIN Pin=U2-1
Removed Pin From Net: NetName=GND Pin=U2-3
Removed Pin From Net: NetName=GND Pin=U2-4
Removed Pin From Net: NetName=+5 Pin=U2-5
Removed Pin From Net: NetName=NetC5_1 Pin=U3-1
Removed Pin From Net: NetName=GND Pin=U3-2
Removed Pin From Net: NetName=GND Pin=U3-3
Removed Pin From Net: NetName=OUT Pin=U3-5
Removed Pin From Net: NetName=+5 Pin=U3-6
Removed Pin From Net: NetName=+5 Pin=U3-7
Removed Pin From Net: NetName=NetC5_2 Pin=U3-8
Removed Pin From Net: NetName=NetC6_1 Pin=U4-1
Removed Pin From Net: NetName=NetC6_2 Pin=U4-2
Removed Pin From Net: NetName=+5 Pin=U4-8
Removed Pin From Net: NetName=GND Pin=U5-4
Removed Pin From Net: NetName=+5 Pin=U5-8
Removed Pin From Net: NetName=GND Pin=U6-2
Removed Pin From Net: NetName=+5 Pin=U6-5
Removed Member From Class: ClassName=CurrentMeasure_InputProcessing Member=C12
Removed Member From Class: ClassName=CurrentMeasure_InputProcessing Member=C15
Removed Member From Class: ClassName=CurrentMeasure_PowerDistribution Member=D1
Removed Member From Class: ClassName=CurrentMeasure_PowerDistribution Member=D3
Removed Member From Class: ClassName=CurrentMeasure_PowerDistribution Member=D4
Removed Member From Class: ClassName=CurrentMeasure_PowerDistribution Member=D5
Removed Member From Class: ClassName=CurrentMeasure_PowerDistribution Member=R1
Removed Member From Class: ClassName=CurrentMeasure_PowerDistribution Member=R2
Removed Member From Class: ClassName=CurrentMeasure_PowerDistribution Member=R3
Removed Member From Class: ClassName=CurrentMeasure_PowerDistribution Member=R4
Removed Member From Class: ClassName=CurrentMeasure_PowerDistribution Member=R5
Removed Member From Class: ClassName=CurrentMeasure_PowerDistribution Member=R6
Removed Member From Class: ClassName=CurrentMeasure_InputProcessing Member=R13
Removed Member From Class: ClassName=CurrentMeasure_InputProcessing Member=R16
Removed Member From Class: ClassName=CurrentMeasure_InputProcessing Member=R18
Removed Member From Class: ClassName=CurrentMeasure_InputProcessing Member=R19
Removed Member From Class: ClassName=CurrentMeasure_InputProcessing Member=R21
Removed Member From Class: ClassName=CurrentMeasure_InputProcessing Member=R22
Removed Member From Class: ClassName=CurrentMeasure_InputProcessing Member=R23
Removed Member From Class: ClassName=CurrentMeasure_InputProcessing Member=R24
Removed Member From Class: ClassName=CurrentMeasure_InputProcessing Member=U3
Change Component Footprint: Designator=C1 Old Footprint=CAP_0603 New Footprint=CAP_0805
Change Component Footprint: Designator=C2 Old Footprint=CAP_0603 New Footprint=CAP_0805
Change Component Footprint: Designator=C3 Old Footprint=CAP_0603 New Footprint=CAP_0805
Change Component Footprint: Designator=C4 Old Footprint=CAP_0603 New Footprint=CAP_0805
Change Component Footprint: Designator=C12 Old Footprint=CAP_0603 New Footprint=CAP_0805
Change Component Footprint: Designator=C15 Old Footprint=CAP_RADIAL_2.54 New Footprint=CAP_0805
Change Component Footprint: Designator=D3 Old Footprint=DIODE_ZENER_SOD123F New Footprint=1N4728A_HoleDO-41
Change Component Footprint: Designator=U3 Old Footprint=INA240-Q1-SOIC-8 New Footprint=AMS1117
Change Component Footprint: Designator=U6 Old Footprint=LMV7275-Q1 New Footprint=LM324_DIP14
Change Component Footprint: Designator=R1 Old Footprint=resistor_0603 New Footprint=RESISTOR-1/4W
Change Component Footprint: Designator=R2 Old Footprint=resistor_0603 New Footprint=RESISTOR-1/4W
Change Component Footprint: Designator=R3 Old Footprint=resistor_0603 New Footprint=RESISTOR-1/4W
Change Component Footprint: Designator=R4 Old Footprint=resistor_0603 New Footprint=RESISTOR-1/4W
Change Component Footprint: Designator=R5 Old Footprint=resistor_0603 New Footprint=RESISTOR-1/4W
Change Component Footprint: Designator=R6 Old Footprint=resistor_0603 New Footprint=RESISTOR-1/4W
Change Component Footprint: Designator=R18 Old Footprint=resistor_0603 New Footprint=RESISTOR-1/4W
Change Component Footprint: Designator=R19 Old Footprint=resistor_0603 New Footprint=RESISTOR-1/4W
Change Component Footprint: Designator=U4 Old Footprint=TLVx316-Q1-VSSOP8 New Footprint=INA114AP
Change Component Footprint: Designator=U5 Old Footprint=TLVx316-Q1-VSSOP8 New Footprint=LM324_DIP14
Change Component Footprint: Designator=U1 Old Footprint=TPS7B69 New Footprint=AMS1117
Change Component Footprint: Designator=U2 Old Footprint=TPS7B69 New Footprint=AMS1117
Change Component Footprint: Designator=D1 Old Footprint=WL-SMCW_0603_H=0.7mm New Footprint=DIP_LED_3MM
Change Component Footprint: Designator=D4 Old Footprint=WL-SMCW_0603_H=0.7mm New Footprint=DIP_LED_3MM
Change Component Footprint: Designator=D5 Old Footprint=WL-SMCW_0603_H=0.7mm New Footprint=DIP_LED_3MM
Change Component Comment : Designator=C15 Old Comment=0.1uF 50V New Comment=10 uF, 25 VDC
Change Component Comment : Designator=C1 Old Comment=2.2 uF, 16 VDC New Comment=10 uF, 25 VDC
Change Component Comment : Designator=C2 Old Comment=2.2 uF, 16 VDC New Comment=10 uF, 25 VDC
Change Component Comment : Designator=R4 Old Comment=3.3 KOhm, 1/4 W New Comment=10 KOhm 1/4W
Change Component Comment : Designator=C3 Old Comment=4.7 uF, 16 VDC New Comment=10 uF, 25 VDC
Change Component Comment : Designator=C4 Old Comment=4.7 uF, 16 VDC New Comment=10 uF, 25 VDC
Change Component Comment : Designator=R13 Old Comment=10K 1/4W New Comment=33 KOhm 1/4W
Change Component Comment : Designator=R16 Old Comment=10K 1/4W New Comment=33 KOhm 1/4W
Change Component Comment : Designator=R6 Old Comment=10 KOhm, 1/4 W New Comment=3.3 KOhm 1/4W
Change Component Comment : Designator=R1 Old Comment=10 KOhm, 1/4 W New Comment=10K 1/4W
Change Component Comment : Designator=R5 Old Comment=10 KOhm, 1/4 W New Comment=100 Ohm 1/4W
Change Component Comment : Designator=R2 Old Comment=10 KOhm, 1/4 W New Comment=820 1/4W
Change Component Comment : Designator=R18 Old Comment=33 kOhm, 1/4 W New Comment=10 KOhm 1/4W
Change Component Comment : Designator=R19 Old Comment=33 kOhm, 1/4 W New Comment=10 KOhm 1/4W
Change Component Comment : Designator=C12 Old Comment=100 nF, 50 VDC New Comment=10 uF, 25 VDC
Change Component Comment : Designator=R3 Old Comment=100 Ohm, 1/4 W New Comment=10 KOhm 1/4W
Change Component Comment : Designator=D5 Old Comment=Blue, 3.2V New Comment=LED
Change Component Comment : Designator=D3 Old Comment=BZT52H-C3V3 New Comment=1N4728A
Change Component Comment : Designator=D4 Old Comment=Green, 3.2V New Comment=LED
Change Component Comment : Designator=U3 Old Comment=INA240-Q1 New Comment=AMS1117-2.5
Change Component Comment : Designator=U6 Old Comment=LMV7275-Q1 New Comment=IC_OPAMP_LM324N
Change Component Comment : Designator=D1 Old Comment=Red, 2V New Comment=LED
Change Component Comment : Designator=U5 Old Comment=TLVx3126-Q1 New Comment=IC_OPAMP_LM324N
Change Component Comment : Designator=U4 Old Comment=TLVx3126-Q1 New Comment=OPAMP_INA114
Change Component Comment : Designator=U1 Old Comment=TPS7B6933QDBVRQ1 New Comment=AMS1117-5
Change Component Comment : Designator=U2 Old Comment=TPS7B6950QDBVRQ1 New Comment=AMS1117-3.3
Change Component Designator: OldDesignator=P? NewDesignator=P1
Change Component Designator: OldDesignator=P? NewDesignator=P2
Change Component Designator: OldDesignator=P? NewDesignator=P5
Change component parameters: Designator = "D3" ("D3"); Footprint = "DIODE_ZENER_SOD123F"; UniqueID = "\ZJKUVHAQ" ("\ZJKUVHAQ")
Change component parameters (AddParameter): Name = "URL"; Value = "https://www.thegioiic.com/1n4728-diode-zener-3-3v-1w"; VariantName = "[No Variations]"
Change component parameters: Designator = "U1" ("U1"); Footprint = "TPS7B69"; UniqueID = "\XIINGJSE" ("\XIINGJSE")
Change component parameters (AddParameter): Name = "URL"; Value = "https://www.thegioiic.com/xblw-ams1117-5-0v-ic-on-ap-5v-1a-sot-223"; VariantName = "[No Variations]"
Change component parameters: Designator = "U2" ("U2"); Footprint = "TPS7B69"; UniqueID = "\IBGYYWRA" ("\IBGYYWRA")
Change component parameters (AddParameter): Name = "URL"; Value = "https://www.thegioiic.com/ams1117-3-3v-ic-on-ap-3-3v-1a-sot-223"; VariantName = "[No Variations]"
Change component parameters: Designator = "U3" ("U3"); Footprint = "INA240-Q1-SOIC-8"; UniqueID = "\HNKDVLHM" ("\HNKDVLHM")
Change component parameters (AddParameter): Name = "URL"; Value = "https://www.thegioiic.com/ams1117-2-5v-ic-on-ap-2-5v-1a-sot-223"; VariantName = "[No Variations]"
Change component parameters: Designator = "U4" ("U4"); Footprint = "TLVx316-Q1-VSSOP8"; UniqueID = "\TVZMKYUU" ("\TVZMKYUU")
Change component parameters (AddParameter): Name = "URL"; Value = "https://www.thegioiic.com/products?search=INA114"; VariantName = "[No Variations]"
Change component parameters: Designator = "U5" ("U5"); Footprint = "TLVx316-Q1-VSSOP8"; UniqueID = "\CHPXNNMP" ("\CHPXNNMP")
Change component parameters (AddParameter): Name = "URL"; Value = "https://www.thegioiic.com/lm324n-ic-opamp-general-purpose-amplifier-4-circuit-1-2mhz-14-dip"; VariantName = "[No Variations]"
Change component parameters: Designator = "U6" ("U6"); Footprint = "LMV7275-Q1"; UniqueID = "\KXTUKYPR" ("\KXTUKYPR")
Change component parameters (AddParameter): Name = "URL"; Value = "https://www.thegioiic.com/lm324n-ic-opamp-general-purpose-amplifier-4-circuit-1-2mhz-14-dip"; VariantName = "[No Variations]"
Change component parameters: Designator = "R13" ("R13"); Footprint = "RESISTOR-1/4W"; UniqueID = "\BBOEQSHH" ("\BBOEQSHH")
Change component parameters (AddParameter): Name = "Availability"; Value = "Unavailable"; VariantName = "[No Variations]"
Change component parameters (AddParameter): Name = "MF"; Value = ""; VariantName = "[No Variations]"
Change component parameters (AddParameter): Name = "MP"; Value = "NUCLEO-F401RE"; VariantName = "[No Variations]"
Change component parameters (AddParameter): Name = "Package"; Value = "None"; VariantName = "[No Variations]"
Change component parameters (AddParameter): Name = "Price"; Value = "None"; VariantName = "[No Variations]"
Change component parameters (AddParameter): Name = "URL"; Value = "https://www.thegioiic.com/dien-tro-33-kohm-1-4w-1-5-vong-mau"; VariantName = "[No Variations]"
Change component parameters (AddParameter): Name = "Value"; Value = ""; VariantName = "[No Variations]"
Change component parameters: Designator = "R16" ("R16"); Footprint = "RESISTOR-1/4W"; UniqueID = "\SGZAONSR" ("\SGZAONSR")
Change component parameters (AddParameter): Name = "Availability"; Value = "Unavailable"; VariantName = "[No Variations]"
Change component parameters (AddParameter): Name = "MF"; Value = ""; VariantName = "[No Variations]"
Change component parameters (AddParameter): Name = "MP"; Value = "NUCLEO-F401RE"; VariantName = "[No Variations]"
Change component parameters (AddParameter): Name = "Package"; Value = "None"; VariantName = "[No Variations]"
Change component parameters (AddParameter): Name = "Price"; Value = "None"; VariantName = "[No Variations]"
Change component parameters (AddParameter): Name = "URL"; Value = "https://www.thegioiic.com/dien-tro-33-kohm-1-4w-1-5-vong-mau"; VariantName = "[No Variations]"
Change component parameters (AddParameter): Name = "Value"; Value = ""; VariantName = "[No Variations]"
Change component parameters: Designator = "C12" ("C12"); Footprint = "CAP_0603"; UniqueID = "\FHJBIIZL" ("\FHJBIIZL")
Change component parameters (AddParameter): Name = "Capacitance"; Value = "10 uF"; VariantName = "[No Variations]"
Change component parameters (AddParameter): Name = "ComponentLink2Description"; Value = "Datasheet"; VariantName = "[No Variations]"
Change component parameters (AddParameter): Name = "ComponentLink2URL"; Value = "https://product.tdk.com/system/files/dam/doc/product/capacitor/ceramic/mlcc/catalog/mlcc_automotive_soft_en.pdf?ref_disty=mouser"; VariantName = "[No Variations]"
Change component parameters (AddParameter): Name = "Manufacture Name"; Value = "TDK"; VariantName = "[No Variations]"
Change component parameters (AddParameter): Name = "Manufacture SN"; Value = "CGA4J1X7S1E106K125AE"; VariantName = "[No Variations]"
Change component parameters (AddParameter): Name = "Mounting Technology"; Value = "SMT"; VariantName = "[No Variations]"
Change component parameters (AddParameter): Name = "Operating Temperature"; Value = "-55 to +125degC"; VariantName = "[No Variations]"
Change component parameters (AddParameter): Name = "Packaging"; Value = "Tape and Reel"; VariantName = "[No Variations]"
Change component parameters (AddParameter): Name = "Size"; Value = "0805"; VariantName = "[No Variations]"
Change component parameters (AddParameter): Name = "Supplier 1 Name"; Value = "Mouser"; VariantName = "[No Variations]"
Change component parameters (AddParameter): Name = "Supplier 1 SN"; Value = "810-CGA4J1X7S1E106K2"; VariantName = "[No Variations]"
Change component parameters (AddParameter): Name = "Supplier 1 URL"; Value = "https://www.mouser.vn/ProductDetail/TDK/CGA4J1X7S1E106K125AE?qs=PqoDHHvF64%252BJvhmUzM2odA%3D%3D&utm_source=mouser-refine-download&utm_medium=file&utm_campaign=CGA4J1X7S1E106K125AE&utm_content=TDK"; VariantName = "[No Variations]"
Change component parameters (AddParameter): Name = "Supplier 2 Name"; Value = "Digi-Key"; VariantName = "[No Variations]"
Change component parameters (AddParameter): Name = "Supplier 2 SN"; Value = "445-181411-2-ND"; VariantName = "[No Variations]"
Change component parameters (AddParameter): Name = "Supplier 2 URL"; Value = "https://www.digikey.com/en/products/detail/tdk-corporation/cga4j1x7s1e106k125ae/9744777"; VariantName = "[No Variations]"
Change component parameters (AddParameter): Name = "Supplier 3 Name"; Value = "thegioiic"; VariantName = "[No Variations]"
Change component parameters (AddParameter): Name = "Supplier 3 SN"; Value = "OEM"; VariantName = "[No Variations]"
Change component parameters (AddParameter): Name = "Supplier 3 URL"; Value = "https://www.thegioiic.com/tu-gom-0603-10uf-25v"; VariantName = "[No Variations]"
Change component parameters (AddParameter): Name = "Tolerance"; Value = "+/-10%"; VariantName = "[No Variations]"
Change component parameters (AddParameter): Name = "Value"; Value = "10 uF, 25 VDC"; VariantName = "[No Variations]"
Change component parameters (AddParameter): Name = "Voltage Rating DC"; Value = "25 VDC"; VariantName = "[No Variations]"
Change component parameters: Designator = "C1" ("C1"); Footprint = "CAP_0603"; UniqueID = "\ZNMCBKAS" ("\ZNMCBKAS")
Change component parameters (AddParameter): Name = "Capacitance"; Value = "10 uF"; VariantName = "[No Variations]"
Change component parameters (AddParameter): Name = "ComponentLink2Description"; Value = "Datasheet"; VariantName = "[No Variations]"
Change component parameters (AddParameter): Name = "ComponentLink2URL"; Value = "https://product.tdk.com/system/files/dam/doc/product/capacitor/ceramic/mlcc/catalog/mlcc_automotive_soft_en.pdf?ref_disty=mouser"; VariantName = "[No Variations]"
Change component parameters (AddParameter): Name = "Manufacture Name"; Value = "TDK"; VariantName = "[No Variations]"
Change component parameters (AddParameter): Name = "Manufacture SN"; Value = "CGA4J1X7S1E106K125AE"; VariantName = "[No Variations]"
Change component parameters (AddParameter): Name = "Mounting Technology"; Value = "SMT"; VariantName = "[No Variations]"
Change component parameters (AddParameter): Name = "Operating Temperature"; Value = "-55 to +125degC"; VariantName = "[No Variations]"
Change component parameters (AddParameter): Name = "Packaging"; Value = "Tape and Reel"; VariantName = "[No Variations]"
Change component parameters (AddParameter): Name = "Size"; Value = "0805"; VariantName = "[No Variations]"
Change component parameters (AddParameter): Name = "Supplier 1 Name"; Value = "Mouser"; VariantName = "[No Variations]"
Change component parameters (AddParameter): Name = "Supplier 1 SN"; Value = "810-CGA4J1X7S1E106K2"; VariantName = "[No Variations]"
Change component parameters (AddParameter): Name = "Supplier 1 URL"; Value = "https://www.mouser.vn/ProductDetail/TDK/CGA4J1X7S1E106K125AE?qs=PqoDHHvF64%252BJvhmUzM2odA%3D%3D&utm_source=mouser-refine-download&utm_medium=file&utm_campaign=CGA4J1X7S1E106K125AE&utm_content=TDK"; VariantName = "[No Variations]"
Change component parameters (AddParameter): Name = "Supplier 2 Name"; Value = "Digi-Key"; VariantName = "[No Variations]"
Change component parameters (AddParameter): Name = "Supplier 2 SN"; Value = "445-181411-2-ND"; VariantName = "[No Variations]"
Change component parameters (AddParameter): Name = "Supplier 2 URL"; Value = "https://www.digikey.com/en/products/detail/tdk-corporation/cga4j1x7s1e106k125ae/9744777"; VariantName = "[No Variations]"
Change component parameters (AddParameter): Name = "Supplier 3 Name"; Value = "thegioiic"; VariantName = "[No Variations]"
Change component parameters (AddParameter): Name = "Supplier 3 SN"; Value = "OEM"; VariantName = "[No Variations]"
Change component parameters (AddParameter): Name = "Supplier 3 URL"; Value = "https://www.thegioiic.com/tu-gom-0603-10uf-25v"; VariantName = "[No Variations]"
Change component parameters (AddParameter): Name = "Tolerance"; Value = "+/-10%"; VariantName = "[No Variations]"
Change component parameters (AddParameter): Name = "Value"; Value = "10 uF, 25 VDC"; VariantName = "[No Variations]"
Change component parameters (AddParameter): Name = "Voltage Rating DC"; Value = "25 VDC"; VariantName = "[No Variations]"
Change component parameters: Designator = "C2" ("C2"); Footprint = "CAP_0603"; UniqueID = "\LKPOFUIH" ("\LKPOFUIH")
Change component parameters (AddParameter): Name = "Capacitance"; Value = "10 uF"; VariantName = "[No Variations]"
Change component parameters (AddParameter): Name = "ComponentLink2Description"; Value = "Datasheet"; VariantName = "[No Variations]"
Change component parameters (AddParameter): Name = "ComponentLink2URL"; Value = "https://product.tdk.com/system/files/dam/doc/product/capacitor/ceramic/mlcc/catalog/mlcc_automotive_soft_en.pdf?ref_disty=mouser"; VariantName = "[No Variations]"
Change component parameters (AddParameter): Name = "Manufacture Name"; Value = "TDK"; VariantName = "[No Variations]"
Change component parameters (AddParameter): Name = "Manufacture SN"; Value = "CGA4J1X7S1E106K125AE"; VariantName = "[No Variations]"
Change component parameters (AddParameter): Name = "Mounting Technology"; Value = "SMT"; VariantName = "[No Variations]"
Change component parameters (AddParameter): Name = "Operating Temperature"; Value = "-55 to +125degC"; VariantName = "[No Variations]"
Change component parameters (AddParameter): Name = "Packaging"; Value = "Tape and Reel"; VariantName = "[No Variations]"
Change component parameters (AddParameter): Name = "Size"; Value = "0805"; VariantName = "[No Variations]"
Change component parameters (AddParameter): Name = "Supplier 1 Name"; Value = "Mouser"; VariantName = "[No Variations]"
Change component parameters (AddParameter): Name = "Supplier 1 SN"; Value = "810-CGA4J1X7S1E106K2"; VariantName = "[No Variations]"
Change component parameters (AddParameter): Name = "Supplier 1 URL"; Value = "https://www.mouser.vn/ProductDetail/TDK/CGA4J1X7S1E106K125AE?qs=PqoDHHvF64%252BJvhmUzM2odA%3D%3D&utm_source=mouser-refine-download&utm_medium=file&utm_campaign=CGA4J1X7S1E106K125AE&utm_content=TDK"; VariantName = "[No Variations]"
Change component parameters (AddParameter): Name = "Supplier 2 Name"; Value = "Digi-Key"; VariantName = "[No Variations]"
Change component parameters (AddParameter): Name = "Supplier 2 SN"; Value = "445-181411-2-ND"; VariantName = "[No Variations]"
Change component parameters (AddParameter): Name = "Supplier 2 URL"; Value = "https://www.digikey.com/en/products/detail/tdk-corporation/cga4j1x7s1e106k125ae/9744777"; VariantName = "[No Variations]"
Change component parameters (AddParameter): Name = "Supplier 3 Name"; Value = "thegioiic"; VariantName = "[No Variations]"
Change component parameters (AddParameter): Name = "Supplier 3 SN"; Value = "OEM"; VariantName = "[No Variations]"
Change component parameters (AddParameter): Name = "Supplier 3 URL"; Value = "https://www.thegioiic.com/tu-gom-0603-10uf-25v"; VariantName = "[No Variations]"
Change component parameters (AddParameter): Name = "Tolerance"; Value = "+/-10%"; VariantName = "[No Variations]"
Change component parameters (AddParameter): Name = "Value"; Value = "10 uF, 25 VDC"; VariantName = "[No Variations]"
Change component parameters (AddParameter): Name = "Voltage Rating DC"; Value = "25 VDC"; VariantName = "[No Variations]"
Change component parameters: Designator = "C3" ("C3"); Footprint = "CAP_0603"; UniqueID = "\VIVQKGVF" ("\VIVQKGVF")
Change component parameters (AddParameter): Name = "Capacitance"; Value = "10 uF"; VariantName = "[No Variations]"
Change component parameters (AddParameter): Name = "ComponentLink2Description"; Value = "Datasheet"; VariantName = "[No Variations]"
Change component parameters (AddParameter): Name = "ComponentLink2URL"; Value = "https://product.tdk.com/system/files/dam/doc/product/capacitor/ceramic/mlcc/catalog/mlcc_automotive_soft_en.pdf?ref_disty=mouser"; VariantName = "[No Variations]"
Change component parameters (AddParameter): Name = "Manufacture Name"; Value = "TDK"; VariantName = "[No Variations]"
Change component parameters (AddParameter): Name = "Manufacture SN"; Value = "CGA4J1X7S1E106K125AE"; VariantName = "[No Variations]"
Change component parameters (AddParameter): Name = "Mounting Technology"; Value = "SMT"; VariantName = "[No Variations]"
Change component parameters (AddParameter): Name = "Operating Temperature"; Value = "-55 to +125degC"; VariantName = "[No Variations]"
Change component parameters (AddParameter): Name = "Packaging"; Value = "Tape and Reel"; VariantName = "[No Variations]"
Change component parameters (AddParameter): Name = "Size"; Value = "0805"; VariantName = "[No Variations]"
Change component parameters (AddParameter): Name = "Supplier 1 Name"; Value = "Mouser"; VariantName = "[No Variations]"
Change component parameters (AddParameter): Name = "Supplier 1 SN"; Value = "810-CGA4J1X7S1E106K2"; VariantName = "[No Variations]"
Change component parameters (AddParameter): Name = "Supplier 1 URL"; Value = "https://www.mouser.vn/ProductDetail/TDK/CGA4J1X7S1E106K125AE?qs=PqoDHHvF64%252BJvhmUzM2odA%3D%3D&utm_source=mouser-refine-download&utm_medium=file&utm_campaign=CGA4J1X7S1E106K125AE&utm_content=TDK"; VariantName = "[No Variations]"
Change component parameters (AddParameter): Name = "Supplier 2 Name"; Value = "Digi-Key"; VariantName = "[No Variations]"
Change component parameters (AddParameter): Name = "Supplier 2 SN"; Value = "445-181411-2-ND"; VariantName = "[No Variations]"
Change component parameters (AddParameter): Name = "Supplier 2 URL"; Value = "https://www.digikey.com/en/products/detail/tdk-corporation/cga4j1x7s1e106k125ae/9744777"; VariantName = "[No Variations]"
Change component parameters (AddParameter): Name = "Supplier 3 Name"; Value = "thegioiic"; VariantName = "[No Variations]"
Change component parameters (AddParameter): Name = "Supplier 3 SN"; Value = "OEM"; VariantName = "[No Variations]"
Change component parameters (AddParameter): Name = "Supplier 3 URL"; Value = "https://www.thegioiic.com/tu-gom-0603-10uf-25v"; VariantName = "[No Variations]"
Change component parameters (AddParameter): Name = "Tolerance"; Value = "+/-10%"; VariantName = "[No Variations]"
Change component parameters (AddParameter): Name = "Value"; Value = "10 uF, 25 VDC"; VariantName = "[No Variations]"
Change component parameters (AddParameter): Name = "Voltage Rating DC"; Value = "25 VDC"; VariantName = "[No Variations]"
Change component parameters: Designator = "C4" ("C4"); Footprint = "CAP_0603"; UniqueID = "\IXVRFCPS" ("\IXVRFCPS")
Change component parameters (AddParameter): Name = "Capacitance"; Value = "10 uF"; VariantName = "[No Variations]"
Change component parameters (AddParameter): Name = "ComponentLink2Description"; Value = "Datasheet"; VariantName = "[No Variations]"
Change component parameters (AddParameter): Name = "ComponentLink2URL"; Value = "https://product.tdk.com/system/files/dam/doc/product/capacitor/ceramic/mlcc/catalog/mlcc_automotive_soft_en.pdf?ref_disty=mouser"; VariantName = "[No Variations]"
Change component parameters (AddParameter): Name = "Manufacture Name"; Value = "TDK"; VariantName = "[No Variations]"
Change component parameters (AddParameter): Name = "Manufacture SN"; Value = "CGA4J1X7S1E106K125AE"; VariantName = "[No Variations]"
Change component parameters (AddParameter): Name = "Mounting Technology"; Value = "SMT"; VariantName = "[No Variations]"
Change component parameters (AddParameter): Name = "Operating Temperature"; Value = "-55 to +125degC"; VariantName = "[No Variations]"
Change component parameters (AddParameter): Name = "Packaging"; Value = "Tape and Reel"; VariantName = "[No Variations]"
Change component parameters (AddParameter): Name = "Size"; Value = "0805"; VariantName = "[No Variations]"
Change component parameters (AddParameter): Name = "Supplier 1 Name"; Value = "Mouser"; VariantName = "[No Variations]"
Change component parameters (AddParameter): Name = "Supplier 1 SN"; Value = "810-CGA4J1X7S1E106K2"; VariantName = "[No Variations]"
Change component parameters (AddParameter): Name = "Supplier 1 URL"; Value = "https://www.mouser.vn/ProductDetail/TDK/CGA4J1X7S1E106K125AE?qs=PqoDHHvF64%252BJvhmUzM2odA%3D%3D&utm_source=mouser-refine-download&utm_medium=file&utm_campaign=CGA4J1X7S1E106K125AE&utm_content=TDK"; VariantName = "[No Variations]"
Change component parameters (AddParameter): Name = "Supplier 2 Name"; Value = "Digi-Key"; VariantName = "[No Variations]"
Change component parameters (AddParameter): Name = "Supplier 2 SN"; Value = "445-181411-2-ND"; VariantName = "[No Variations]"
Change component parameters (AddParameter): Name = "Supplier 2 URL"; Value = "https://www.digikey.com/en/products/detail/tdk-corporation/cga4j1x7s1e106k125ae/9744777"; VariantName = "[No Variations]"
Change component parameters (AddParameter): Name = "Supplier 3 Name"; Value = "thegioiic"; VariantName = "[No Variations]"
Change component parameters (AddParameter): Name = "Supplier 3 SN"; Value = "OEM"; VariantName = "[No Variations]"
Change component parameters (AddParameter): Name = "Supplier 3 URL"; Value = "https://www.thegioiic.com/tu-gom-0603-10uf-25v"; VariantName = "[No Variations]"
Change component parameters (AddParameter): Name = "Tolerance"; Value = "+/-10%"; VariantName = "[No Variations]"
Change component parameters (AddParameter): Name = "Value"; Value = "10 uF, 25 VDC"; VariantName = "[No Variations]"
Change component parameters (AddParameter): Name = "Voltage Rating DC"; Value = "25 VDC"; VariantName = "[No Variations]"
Change component parameters: Designator = "C15" ("C15"); Footprint = "CAP_RADIAL_2.54"; UniqueID = "\PTBJJXTA" ("\PTBJJXTA")
Change component parameters (AddParameter): Name = "Capacitance"; Value = "10 uF"; VariantName = "[No Variations]"
Change component parameters (AddParameter): Name = "ComponentLink2Description"; Value = "Datasheet"; VariantName = "[No Variations]"
Change component parameters (AddParameter): Name = "ComponentLink2URL"; Value = "https://product.tdk.com/system/files/dam/doc/product/capacitor/ceramic/mlcc/catalog/mlcc_automotive_soft_en.pdf?ref_disty=mouser"; VariantName = "[No Variations]"
Change component parameters (AddParameter): Name = "Manufacture Name"; Value = "TDK"; VariantName = "[No Variations]"
Change component parameters (AddParameter): Name = "Manufacture SN"; Value = "CGA4J1X7S1E106K125AE"; VariantName = "[No Variations]"
Change component parameters (AddParameter): Name = "Mounting Technology"; Value = "SMT"; VariantName = "[No Variations]"
Change component parameters (AddParameter): Name = "Operating Temperature"; Value = "-55 to +125degC"; VariantName = "[No Variations]"
Change component parameters (AddParameter): Name = "Packaging"; Value = "Tape and Reel"; VariantName = "[No Variations]"
Change component parameters (AddParameter): Name = "Size"; Value = "0805"; VariantName = "[No Variations]"
Change component parameters (AddParameter): Name = "Supplier 1 Name"; Value = "Mouser"; VariantName = "[No Variations]"
Change component parameters (AddParameter): Name = "Supplier 1 SN"; Value = "810-CGA4J1X7S1E106K2"; VariantName = "[No Variations]"
Change component parameters (AddParameter): Name = "Supplier 1 URL"; Value = "https://www.mouser.vn/ProductDetail/TDK/CGA4J1X7S1E106K125AE?qs=PqoDHHvF64%252BJvhmUzM2odA%3D%3D&utm_source=mouser-refine-download&utm_medium=file&utm_campaign=CGA4J1X7S1E106K125AE&utm_content=TDK"; VariantName = "[No Variations]"
Change component parameters (AddParameter): Name = "Supplier 2 Name"; Value = "Digi-Key"; VariantName = "[No Variations]"
Change component parameters (AddParameter): Name = "Supplier 2 SN"; Value = "445-181411-2-ND"; VariantName = "[No Variations]"
Change component parameters (AddParameter): Name = "Supplier 2 URL"; Value = "https://www.digikey.com/en/products/detail/tdk-corporation/cga4j1x7s1e106k125ae/9744777"; VariantName = "[No Variations]"
Change component parameters (AddParameter): Name = "Supplier 3 Name"; Value = "thegioiic"; VariantName = "[No Variations]"
Change component parameters (AddParameter): Name = "Supplier 3 SN"; Value = "OEM"; VariantName = "[No Variations]"
Change component parameters (AddParameter): Name = "Supplier 3 URL"; Value = "https://www.thegioiic.com/tu-gom-0603-10uf-25v"; VariantName = "[No Variations]"
Change component parameters (AddParameter): Name = "Tolerance"; Value = "+/-10%"; VariantName = "[No Variations]"
Change component parameters (AddParameter): Name = "Value"; Value = "10 uF, 25 VDC"; VariantName = "[No Variations]"
Change component parameters (AddParameter): Name = "Voltage Rating DC"; Value = "25 VDC"; VariantName = "[No Variations]"
Change component parameters: Designator = "D1" ("D1"); Footprint = "WL-SMCW_0603_H=0.7mm"; UniqueID = "\SDIQTJFL" ("\SDIQTJFL")
Change component parameters (AddParameter): Name = "URL"; Value = "https://www.thegioiic.com/led-xanh-duong-3mm-chan-dai"; VariantName = "[No Variations]"
Change component parameters: Designator = "D4" ("D4"); Footprint = "WL-SMCW_0603_H=0.7mm"; UniqueID = "\ZMWIELVQ" ("\ZMWIELVQ")
Change component parameters (AddParameter): Name = "URL"; Value = "https://www.thegioiic.com/led-xanh-duong-3mm-chan-dai"; VariantName = "[No Variations]"
Change component parameters: Designator = "D5" ("D5"); Footprint = "WL-SMCW_0603_H=0.7mm"; UniqueID = "\DPAOPYFR" ("\DPAOPYFR")
Change component parameters (AddParameter): Name = "URL"; Value = "https://www.thegioiic.com/led-xanh-duong-3mm-chan-dai"; VariantName = "[No Variations]"
Change component parameters: Designator = "R1" ("R1"); Footprint = "resistor_0603"; UniqueID = "\AQUTAYKN" ("\AQUTAYKN")
Change component parameters (AddParameter): Name = "Availability"; Value = "Unavailable"; VariantName = "[No Variations]"
Change component parameters (AddParameter): Name = "ComponentLink1Description"; Value = "URL"; VariantName = "[No Variations]"
Change component parameters (AddParameter): Name = "ComponentLink1URL"; Value = "https://www.thegioiic.com/dien-tro-10-kohm-1-4w-1-5-vong-mau"; VariantName = "[No Variations]"
Change component parameters (AddParameter): Name = "MF"; Value = ""; VariantName = "[No Variations]"
Change component parameters (AddParameter): Name = "MP"; Value = "NUCLEO-F401RE"; VariantName = "[No Variations]"
Change component parameters (AddParameter): Name = "Package"; Value = "None"; VariantName = "[No Variations]"
Change component parameters (AddParameter): Name = "Price"; Value = "None"; VariantName = "[No Variations]"
Change component parameters (AddParameter): Name = "Value"; Value = ""; VariantName = "[No Variations]"
Change component parameters: Designator = "R3" ("R3"); Footprint = "resistor_0603"; UniqueID = "\XYQWRURE" ("\XYQWRURE")
Change component parameters (AddParameter): Name = "Availability"; Value = "Unavailable"; VariantName = "[No Variations]"
Change component parameters (AddParameter): Name = "MF"; Value = ""; VariantName = "[No Variations]"
Change component parameters (AddParameter): Name = "MP"; Value = "NUCLEO-F401RE"; VariantName = "[No Variations]"
Change component parameters (AddParameter): Name = "Package"; Value = "None"; VariantName = "[No Variations]"
Change component parameters (AddParameter): Name = "Price"; Value = "None"; VariantName = "[No Variations]"
Change component parameters (AddParameter): Name = "URL"; Value = "https://www.thegioiic.com/dien-tro-10-kohm-1-4w-1-5-vong-mau"; VariantName = "[No Variations]"
Change component parameters (AddParameter): Name = "Value"; Value = ""; VariantName = "[No Variations]"
Change component parameters: Designator = "R5" ("R5"); Footprint = "resistor_0603"; UniqueID = "\BIMMXBNM" ("\BIMMXBNM")
Change component parameters (AddParameter): Name = "Availability"; Value = "Unavailable"; VariantName = "[No Variations]"
Change component parameters (AddParameter): Name = "MF"; Value = ""; VariantName = "[No Variations]"
Change component parameters (AddParameter): Name = "MP"; Value = "NUCLEO-F401RE"; VariantName = "[No Variations]"
Change component parameters (AddParameter): Name = "Package"; Value = "None"; VariantName = "[No Variations]"
Change component parameters (AddParameter): Name = "Price"; Value = "None"; VariantName = "[No Variations]"
Change component parameters (AddParameter): Name = "URL"; Value = "https://www.thegioiic.com/dien-tro-100-ohm-1-4w-1-5-vong-mau"; VariantName = "[No Variations]"
Change component parameters (AddParameter): Name = "Value"; Value = ""; VariantName = "[No Variations]"
Change component parameters: Designator = "R6" ("R6"); Footprint = "resistor_0603"; UniqueID = "\WZDWDFNA" ("\WZDWDFNA")
Change component parameters (AddParameter): Name = "Availability"; Value = "Unavailable"; VariantName = "[No Variations]"
Change component parameters (AddParameter): Name = "MF"; Value = ""; VariantName = "[No Variations]"
Change component parameters (AddParameter): Name = "MP"; Value = "NUCLEO-F401RE"; VariantName = "[No Variations]"
Change component parameters (AddParameter): Name = "Package"; Value = "None"; VariantName = "[No Variations]"
Change component parameters (AddParameter): Name = "Price"; Value = "None"; VariantName = "[No Variations]"
Change component parameters (AddParameter): Name = "URL"; Value = "https://www.thegioiic.com/dien-tro-3-3-kohm-1-4w-1-5-vong-mau"; VariantName = "[No Variations]"
Change component parameters (AddParameter): Name = "Value"; Value = ""; VariantName = "[No Variations]"
Change component parameters: Designator = "R18" ("R18"); Footprint = "resistor_0603"; UniqueID = "\CXCAMLDF" ("\CXCAMLDF")
Change component parameters (AddParameter): Name = "Availability"; Value = "Unavailable"; VariantName = "[No Variations]"
Change component parameters (AddParameter): Name = "MF"; Value = ""; VariantName = "[No Variations]"
Change component parameters (AddParameter): Name = "MP"; Value = "NUCLEO-F401RE"; VariantName = "[No Variations]"
Change component parameters (AddParameter): Name = "Package"; Value = "None"; VariantName = "[No Variations]"
Change component parameters (AddParameter): Name = "Price"; Value = "None"; VariantName = "[No Variations]"
Change component parameters (AddParameter): Name = "URL"; Value = "https://www.thegioiic.com/dien-tro-10-kohm-1-4w-1-5-vong-mau"; VariantName = "[No Variations]"
Change component parameters (AddParameter): Name = "Value"; Value = ""; VariantName = "[No Variations]"
Change component parameters: Designator = "R19" ("R19"); Footprint = "resistor_0603"; UniqueID = "\PUBWBVMM" ("\PUBWBVMM")
Change component parameters (AddParameter): Name = "Availability"; Value = "Unavailable"; VariantName = "[No Variations]"
Change component parameters (AddParameter): Name = "MF"; Value = ""; VariantName = "[No Variations]"
Change component parameters (AddParameter): Name = "MP"; Value = "NUCLEO-F401RE"; VariantName = "[No Variations]"
Change component parameters (AddParameter): Name = "Package"; Value = "None"; VariantName = "[No Variations]"
Change component parameters (AddParameter): Name = "Price"; Value = "None"; VariantName = "[No Variations]"
Change component parameters (AddParameter): Name = "URL"; Value = "https://www.thegioiic.com/dien-tro-10-kohm-1-4w-1-5-vong-mau"; VariantName = "[No Variations]"
Change component parameters (AddParameter): Name = "Value"; Value = ""; VariantName = "[No Variations]"
Change component parameters: Designator = "R2" ("R2"); Footprint = "resistor_0603"; UniqueID = "\DFITPLJV" ("\DFITPLJV")
Change component parameters (AddParameter): Name = "Availability"; Value = "Unavailable"; VariantName = "[No Variations]"
Change component parameters (AddParameter): Name = "ComponentLink1Description"; Value = "URL"; VariantName = "[No Variations]"
Change component parameters (AddParameter): Name = "ComponentLink1URL"; Value = "https://www.thegioiic.com/dien-tro-820-ohm-1-4w-1-5-vong-mau"; VariantName = "[No Variations]"
Change component parameters (AddParameter): Name = "MF"; Value = ""; VariantName = "[No Variations]"
Change component parameters (AddParameter): Name = "MP"; Value = "NUCLEO-F401RE"; VariantName = "[No Variations]"
Change component parameters (AddParameter): Name = "Package"; Value = "None"; VariantName = "[No Variations]"
Change component parameters (AddParameter): Name = "Price"; Value = "None"; VariantName = "[No Variations]"
Change component parameters (AddParameter): Name = "Value"; Value = ""; VariantName = "[No Variations]"
Change component parameters: Designator = "R4" ("R4"); Footprint = "resistor_0603"; UniqueID = "\EVSIOKQA" ("\EVSIOKQA")
Change component parameters (AddParameter): Name = "Availability"; Value = "Unavailable"; VariantName = "[No Variations]"
Change component parameters (AddParameter): Name = "MF"; Value = ""; VariantName = "[No Variations]"
Change component parameters (AddParameter): Name = "MP"; Value = "NUCLEO-F401RE"; VariantName = "[No Variations]"
Change component parameters (AddParameter): Name = "Package"; Value = "None"; VariantName = "[No Variations]"
Change component parameters (AddParameter): Name = "Price"; Value = "None"; VariantName = "[No Variations]"
Change component parameters (AddParameter): Name = "URL"; Value = "https://www.thegioiic.com/dien-tro-10-kohm-1-4w-1-5-vong-mau"; VariantName = "[No Variations]"
Change component parameters (AddParameter): Name = "Value"; Value = ""; VariantName = "[No Variations]"
Added Component: Designator=C16(CAP_4x7mm)
Add component (AddParameter): Name = "URL"; Value = "https://www.thegioiic.com/tu-hoa-100uf-16v-5x11mm-xuyen-lo"; VariantName = "[No Variations]"
Added Component: Designator=C17(CAP_4x7mm)
Add component (AddParameter): Name = "URL"; Value = "https://www.thegioiic.com/tu-hoa-47uf-25v-5x11mm-xuyen-lo"; VariantName = "[No Variations]"
Added Component: Designator=C18(CAP_RADIAL_2.54)
Add component (AddParameter): Name = "URL"; Value = "https://www.thegioiic.com/tu-gom-tron-100nf-0-1uf-50v"; VariantName = "[No Variations]"
Added Component: Designator=C19(CAP_RADIAL_2.54)
Add component (AddParameter): Name = "URL"; Value = "https://www.thegioiic.com/tu-gom-tron-100nf-0-1uf-50v"; VariantName = "[No Variations]"
Added Component: Designator=D6(DIP_LED_3MM)
Add component (AddParameter): Name = "URL"; Value = "https://www.thegioiic.com/led-xanh-duong-3mm-chan-dai"; VariantName = "[No Variations]"
Added Component: Designator=P6(61301421121)
Add component (AddParameter): Name = "ComponentLink1Description"; Value = "Manufacturer"; VariantName = "[No Variations]"
Add component (AddParameter): Name = "ComponentLink1URL"; Value = "http://www.we-online.de"; VariantName = "[No Variations]"
Add component (AddParameter): Name = "ComponentLink2Description"; Value = "Datasheet"; VariantName = "[No Variations]"
Add component (AddParameter): Name = "ComponentLink2URL"; Value = "https://www.we-online.com/catalog/datasheet/61301421121.pdf"; VariantName = "[No Variations]"
Add component (AddParameter): Name = "ComponentLink3Description"; Value = "Global Supply"; VariantName = "[No Variations]"
Add component (AddParameter): Name = "ComponentLink3URL"; Value = "https://www.we-online.com/en/components/products/PHD_2_54_THT_DUAL_PIN_HEADER_6130XX21121?sq=61301421121#61301421121"; VariantName = "[No Variations]"
Add component (AddParameter): Name = "ComponentLink4Description"; Value = "Global Supply"; VariantName = "[No Variations]"
Add component (AddParameter): Name = "ComponentLink4URL"; Value = "https://www.mouser.vn/ProductDetail/Wurth-Elektronik/61301421121?qs=PhR8RmCirEb6oOcq3uED2w%3D%3D"; VariantName = "[No Variations]"
Add component (AddParameter): Name = "Contact Resistance"; Value = "20mOhm"; VariantName = "[No Variations]"
Add component (AddParameter): Name = "Gender"; Value = "Pin Header"; VariantName = "[No Variations]"
Add component (AddParameter): Name = "Manufacturer"; Value = "Wurth Elektronik"; VariantName = "[No Variations]"
Add component (AddParameter): Name = "Manufacturer Part Number"; Value = "61301421121"; VariantName = "[No Variations]"
Add component (AddParameter): Name = "Mounting Technology"; Value = "THT"; VariantName = "[No Variations]"
Add component (AddParameter): Name = "Operating Temperature"; Value = "-40 to +105degC"; VariantName = "[No Variations]"
Add component (AddParameter): Name = "Orientation"; Value = "Vertical"; VariantName = "[No Variations]"
Add component (AddParameter): Name = "Packaging"; Value = "Bag"; VariantName = "[No Variations]"
Add component (AddParameter): Name = "Pin Number"; Value = "14"; VariantName = "[No Variations]"
Add component (AddParameter): Name = "Pitch"; Value = "2.54mm"; VariantName = "[No Variations]"
Add component (AddParameter): Name = "Published Date"; Value = "May 2020"; VariantName = "[No Variations]"
Add component (AddParameter): Name = "Rated Current"; Value = "3A"; VariantName = "[No Variations]"
Add component (AddParameter): Name = "Row Number"; Value = "Dual"; VariantName = "[No Variations]"
Add component (AddParameter): Name = "Supplier 1 Name"; Value = "Mouser"; VariantName = "[No Variations]"
Add component (AddParameter): Name = "Supplier 1 SN"; Value = "710-61301421121"; VariantName = "[No Variations]"
Add component (AddParameter): Name = "Supplier 1 URL"; Value = "https://www.mouser.vn/ProductDetail/Wurth-Elektronik/61301421121?qs=PhR8RmCirEb6oOcq3uED2w%3D%3D"; VariantName = "[No Variations]"
Add component (AddParameter): Name = "Supplier 2 Name"; Value = "Digi-Key"; VariantName = "[No Variations]"
Add component (AddParameter): Name = "Supplier 2 SN"; Value = "N/A"; VariantName = "[No Variations]"
Add component (AddParameter): Name = "Supplier 2 URL"; Value = "N/A"; VariantName = "[No Variations]"
Add component (AddParameter): Name = "Supplier 3 Name"; Value = "thegioiic"; VariantName = "[No Variations]"
Add component (AddParameter): Name = "Supplier 3 SN"; Value = "N/A"; VariantName = "[No Variations]"
Add component (AddParameter): Name = "Supplier 3 URL"; Value = "N/A"; VariantName = "[No Variations]"
Add component (AddParameter): Name = "Supply name 1"; Value = "Mouser"; VariantName = "[No Variations]"
Add component (AddParameter): Name = "Withstanding Voltage"; Value = "500VAC"; VariantName = "[No Variations]"
Add component (AddParameter): Name = "Working Voltage"; Value = "250VAC"; VariantName = "[No Variations]"
Added Component: Designator=R7(RESISTOR-1/4W)
Add component (AddParameter): Name = "Availability"; Value = "Unavailable"; VariantName = "[No Variations]"
Add component (AddParameter): Name = "MF"; Value = ""; VariantName = "[No Variations]"
Add component (AddParameter): Name = "MP"; Value = "NUCLEO-F401RE"; VariantName = "[No Variations]"
Add component (AddParameter): Name = "Package"; Value = "None"; VariantName = "[No Variations]"
Add component (AddParameter): Name = "Price"; Value = "None"; VariantName = "[No Variations]"
Add component (AddParameter): Name = "URL"; Value = "https://www.thegioiic.com/dien-tro-10-kohm-1-4w-1-5-vong-mau"; VariantName = "[No Variations]"
Add component (AddParameter): Name = "Value"; Value = ""; VariantName = "[No Variations]"
Added Component: Designator=VR1(RESISTOR_VARIABLE)
Added Pin To Net: NetName=GND Pin=C1-1
Added Pin To Net: NetName=+VIN Pin=C1-2
Added Pin To Net: NetName=GND Pin=C2-1
Added Pin To Net: NetName=+5 Pin=C2-2
Added Pin To Net: NetName=+3.3 Pin=C4-2
Added Pin To Net: NetName=+VIN Pin=C12-2
Added Pin To Net: NetName=GND Pin=C16-1
Added Pin To Net: NetName=+VIN Pin=C16-2
Added Pin To Net: NetName=GND Pin=C17-1
Added Pin To Net: NetName=+VIN Pin=C17-2
Added Pin To Net: NetName=GND Pin=C18-1
Added Pin To Net: NetName=GND Pin=C19-2
Added Pin To Net: NetName=GND Pin=D1-2
Added Pin To Net: NetName=GND Pin=D4-2
Added Pin To Net: NetName=GND Pin=D5-2
Added Pin To Net: NetName=GND Pin=D6-2
Added Pin To Net: NetName=NetC6_1 Pin=P6-5
Added Pin To Net: NetName=NetC5_2 Pin=P6-8
Added Pin To Net: NetName=+5 Pin=P6-9
Added Pin To Net: NetName=NetC5_1 Pin=P6-10
Added Pin To Net: NetName=GND Pin=P6-11
Added Pin To Net: NetName=+3.3 Pin=P6-12
Added Pin To Net: NetName=+3.3 Pin=R1-2
Added Pin To Net: NetName=+VIN Pin=R3-1
Added Pin To Net: NetName=+VIN Pin=R4-1
Added Pin To Net: NetName=GND Pin=R6-1
Added Pin To Net: NetName=+5 Pin=R7-1
Added Pin To Net: NetName=NetC6_1 Pin=R13-2
Added Pin To Net: NetName=GND Pin=R16-2
Added Pin To Net: NetName=+3.3 Pin=R18-1
Added Pin To Net: NetName=GND Pin=U1-1
Added Pin To Net: NetName=+5 Pin=U1-2
Added Pin To Net: NetName=+VIN Pin=U1-3
Added Pin To Net: NetName=+5 Pin=U1-4
Added Pin To Net: NetName=GND Pin=U2-1
Added Pin To Net: NetName=+3.3 Pin=U2-2
Added Pin To Net: NetName=+VIN Pin=U2-3
Added Pin To Net: NetName=+3.3 Pin=U2-4
Added Pin To Net: NetName=GND Pin=U3-1
Added Pin To Net: NetName=+VIN Pin=U3-3
Added Pin To Net: NetName=NetC5_1 Pin=U4-2
Added Pin To Net: NetName=NetC5_2 Pin=U4-3
Added Pin To Net: NetName=OUT Pin=U4-6
Added Pin To Net: NetName=+5 Pin=U4-7
Added Pin To Net: NetName=NetC6_1 Pin=U5-1
Added Pin To Net: NetName=NetC6_2 Pin=U5-2
Added Pin To Net: NetName=+5 Pin=U5-4
Added Pin To Net: NetName=GND Pin=U5-11
Added Pin To Net: NetName=+5 Pin=U6-4
Added Pin To Net: NetName=GND Pin=U6-11
Added Pin To Net: NetName=GND Pin=VR1-3
Change Net Name : Old Net Name=OUTA_2 New Net Name=NetC14_2
Added Pin To Net: NetName=+2.5 Pin=C15-2
Added Pin To Net: NetName=+2.5 Pin=P6-14
Added Pin To Net: NetName=+2.5 Pin=R2-2
Added Pin To Net: NetName=+2.5 Pin=R19-1
Added Pin To Net: NetName=+2.5 Pin=R20-1
Added Pin To Net: NetName=+2.5 Pin=U3-2
Added Pin To Net: NetName=+2.5 Pin=U3-4
Added Pin To Net: NetName=+2.5 Pin=U4-5
Added Pin To Net: NetName=+2.5 Pin=U5-3
Added Pin To Net: NetName=+2.5 Pin=U5-10
Added Net: Name=+2.5
Added Pin To Net: NetName=NetC18_2 Pin=C18-2
Added Pin To Net: NetName=NetC18_2 Pin=P1-2
Added Pin To Net: NetName=NetC18_2 Pin=P6-2
Added Pin To Net: NetName=NetC18_2 Pin=R1-1
Added Pin To Net: NetName=NetC18_2 Pin=R2-1
Added Pin To Net: NetName=NetC18_2 Pin=U5-8
Added Net: Name=NetC18_2
Added Pin To Net: NetName=NetC19_1 Pin=C19-1
Added Pin To Net: NetName=NetC19_1 Pin=P2-2
Added Pin To Net: NetName=NetC19_1 Pin=P6-4
Added Pin To Net: NetName=NetC19_1 Pin=R13-1
Added Pin To Net: NetName=NetC19_1 Pin=R16-1
Added Net: Name=NetC19_1
Added Pin To Net: NetName=NetD1_1 Pin=D1-1
Added Pin To Net: NetName=NetD1_1 Pin=R3-2
Added Net: Name=NetD1_1
Added Pin To Net: NetName=NetD3_2 Pin=D3-2
Added Pin To Net: NetName=NetD3_2 Pin=P5-2
Added Pin To Net: NetName=NetD3_2 Pin=P6-6
Added Pin To Net: NetName=NetD3_2 Pin=R5-1
Added Net: Name=NetD3_2
Added Pin To Net: NetName=NetD4_1 Pin=D4-1
Added Pin To Net: NetName=NetD4_1 Pin=R7-2
Added Net: Name=NetD4_1
Added Pin To Net: NetName=NetD5_1 Pin=D5-1
Added Pin To Net: NetName=NetD5_1 Pin=R18-2
Added Net: Name=NetD5_1
Added Pin To Net: NetName=NetD6_1 Pin=D6-1
Added Pin To Net: NetName=NetD6_1 Pin=R19-2
Added Net: Name=NetD6_1
Added Pin To Net: NetName=NetP6_1 Pin=P6-1
Added Pin To Net: NetName=NetP6_1 Pin=U4-8
Added Pin To Net: NetName=NetP6_1 Pin=VR1-2
Added Net: Name=NetP6_1
Added Pin To Net: NetName=NetP6_3 Pin=P6-3
Added Pin To Net: NetName=NetP6_3 Pin=U4-1
Added Pin To Net: NetName=NetP6_3 Pin=VR1-1
Added Net: Name=NetP6_3
Added Pin To Net: NetName=NetP6_7 Pin=P6-7
Added Pin To Net: NetName=NetP6_7 Pin=R17-2
Added Pin To Net: NetName=NetP6_7 Pin=U5-7
Added Pin To Net: NetName=NetP6_7 Pin=U5-9
Added Net: Name=NetP6_7
Added Pin To Net: NetName=NetR4_2 Pin=R4-2
Added Pin To Net: NetName=NetR4_2 Pin=R5-2
Added Pin To Net: NetName=NetR4_2 Pin=R6-2
Added Net: Name=NetR4_2
Added Pin To Net: NetName=NetR12_2 Pin=R12-2
Added Pin To Net: NetName=NetR12_2 Pin=R17-1
Added Pin To Net: NetName=NetR12_2 Pin=U5-6
Added Net: Name=NetR12_2
Added Class: Name=CurrentMeasure_ADCVoltage
Added Member To Class: ClassName=CurrentMeasure_PowerDistribution Member=Component C12 10 uF, 25 VDC
Added Member To Class: ClassName=CurrentMeasure_PowerDistribution Member=Component C15 10 uF, 25 VDC
Added Member To Class: ClassName=CurrentMeasure_PowerDistribution Member=Component C16 100uF 16V
Added Member To Class: ClassName=CurrentMeasure_PowerDistribution Member=Component C17 47uF 25V
Added Member To Class: ClassName=CurrentMeasure_InputProcessing Member=Component C18 0.1uF 50V
Added Member To Class: ClassName=CurrentMeasure_PowerDistribution Member=Component P1 HDR_Terminal
Added Member To Class: ClassName=CurrentMeasure_PowerDistribution Member=Component P5 HDR_Terminal
Added Member To Class: ClassName=CurrentMeasure_InputProcessing Member=Component R1 10K 1/4W
Added Member To Class: ClassName=CurrentMeasure_InputProcessing Member=Component R2 820 1/4W
Added Member To Class: ClassName=CurrentMeasure_PowerDistribution Member=Component U3 AMS1117-2.5
Added Member To Class: ClassName=CurrentMeasure_InputProcessing Member=Component VR1 Resistor_Variable
