Removed Pin From Net: NetName=GND Pin=C14-1
Removed Pin From Net: NetName=NetC14_2 Pin=C14-2
Removed Pin From Net: NetName=NetC18_2 Pin=P1-2
Removed Pin From Net: NetName=NetC18_2 Pin=P6-2
Removed Pin From Net: NetName=GND Pin=VR1-3
Removed Member From Class: ClassName=CurrentMeasure_InputProcessing Member=C14
Change Component Comment : Designator=R17 Old Comment=1 MOhm 1/4W New Comment=1.1 MOhm 1/4W
Change Component Comment : Designator=R20 Old Comment=1 MOhm 1/4W New Comment=1.1 MOhm 1/4W
Added Component: Designator=C13(Mica_CAP)
Added Component: Designator=P7(691322310002)
Add component (AddParameter): Name = "Application"; Value = "Pluggable"; VariantName = "[No Variations]"
Add component (AddParameter): Name = "Category"; Value = "Terminal Blocks"; VariantName = "[No Variations]"
Add component (AddParameter): Name = "ComponentLink1Description"; Value = "Datasheet Link"; VariantName = "[No Variations]"
Add component (AddParameter): Name = "ComponentLink1URL"; Value = "https://www.we-online.com/redexpert/spec/691322310002?ad"; VariantName = "[No Variations]"
Add component (AddParameter): Name = "ComponentLink2Description"; Value = "Supplier 1 URL"; VariantName = "[No Variations]"
Add component (AddParameter): Name = "ComponentLink2URL"; Value = "N/A"; VariantName = "[No Variations]"
Add component (AddParameter): Name = "ComponentLink3Description"; Value = "Supplier 2 URL"; VariantName = "[No Variations]"
Add component (AddParameter): Name = "ComponentLink3URL"; Value = "N/A"; VariantName = "[No Variations]"
Add component (AddParameter): Name = "ComponentLink4Description"; Value = "Supplier 3 URL"; VariantName = "[No Variations]"
Add component (AddParameter): Name = "ComponentLink4URL"; Value = "https://www.thegioiic.com/kf-3-81-2-r-terminal-block-plug-in-han-pcb-2-chan-cong-3-81mm-300v-10a"; VariantName = "[No Variations]"
Add component (AddParameter): Name = "Manufacturer"; Value = "Wurth Elektronik"; VariantName = "[No Variations]"
Add component (AddParameter): Name = "Manufacturer Part Number"; Value = "691322310002"; VariantName = "[No Variations]"
Add component (AddParameter): Name = "Match Code"; Value = "WR-TBL"; VariantName = "[No Variations]"
Add component (AddParameter): Name = "Modularity"; Value = "No"; VariantName = "[No Variations]"
Add component (AddParameter): Name = "Mount"; Value = "Through Hole"; VariantName = "[No Variations]"
Add component (AddParameter): Name = "Number of Pins"; Value = "2"; VariantName = "[No Variations]"
Add component (AddParameter): Name = "Number of Rows"; Value = "1"; VariantName = "[No Variations]"
Add component (AddParameter): Name = "Operating Temperature Max"; Value = "105°C"; VariantName = "[No Variations]"
Add component (AddParameter): Name = "Operating Temperature Min"; Value = "-40°C"; VariantName = "[No Variations]"
Add component (AddParameter): Name = "Orientation"; Value = "Horizontal"; VariantName = "[No Variations]"
Add component (AddParameter): Name = "Packaging"; Value = "Box"; VariantName = "[No Variations]"
Add component (AddParameter): Name = "Pitch"; Value = "3.81mm"; VariantName = "[No Variations]"
Add component (AddParameter): Name = "Rated Current"; Value = "10A"; VariantName = "[No Variations]"
Add component (AddParameter): Name = "Supplier 1 Name"; Value = "Mouser"; VariantName = "[No Variations]"
Add component (AddParameter): Name = "Supplier 1 SN"; Value = "N/A"; VariantName = "[No Variations]"
Add component (AddParameter): Name = "Supplier 1 URL"; Value = "N/A"; VariantName = "[No Variations]"
Add component (AddParameter): Name = "Supplier 2 Name"; Value = "Digi-Key"; VariantName = "[No Variations]"
Add component (AddParameter): Name = "Supplier 2 SN"; Value = "N/A"; VariantName = "[No Variations]"
Add component (AddParameter): Name = "Supplier 2 URL"; Value = "N/A"; VariantName = "[No Variations]"
Add component (AddParameter): Name = "Supplier 3 Name"; Value = "thegioiic"; VariantName = "[No Variations]"
Add component (AddParameter): Name = "Supplier 3 SN"; Value = "N/A"; VariantName = "[No Variations]"
Add component (AddParameter): Name = "Supplier 3 URL"; Value = "https://www.thegioiic.com/kf-3-81-2-r-terminal-block-plug-in-han-pcb-2-chan-cong-3-81mm-300v-10a"; VariantName = "[No Variations]"
Add component (AddParameter): Name = "Value"; Value = "10A, 300V"; VariantName = "[No Variations]"
Add component (AddParameter): Name = "Working Voltage"; Value = "300V"; VariantName = "[No Variations]"
Added Component: Designator=Q1(TO-92)
Added Component: Designator=R21(RESISTOR-1/4W)
Add component (AddParameter): Name = "Availability"; Value = "Unavailable"; VariantName = "[No Variations]"
Add component (AddParameter): Name = "MF"; Value = ""; VariantName = "[No Variations]"
Add component (AddParameter): Name = "MP"; Value = "NUCLEO-F401RE"; VariantName = "[No Variations]"
Add component (AddParameter): Name = "Package"; Value = "None"; VariantName = "[No Variations]"
Add component (AddParameter): Name = "Price"; Value = "None"; VariantName = "[No Variations]"
Add component (AddParameter): Name = "URL"; Value = "https://www.thegioiic.com/dien-tro-10-kohm-1-4w-1-5-vong-mau"; VariantName = "[No Variations]"
Add component (AddParameter): Name = "Value"; Value = ""; VariantName = "[No Variations]"
Added Component: Designator=R22(RESISTOR-1/4W)
Add component (AddParameter): Name = "Availability"; Value = "Unavailable"; VariantName = "[No Variations]"
Add component (AddParameter): Name = "MF"; Value = ""; VariantName = "[No Variations]"
Add component (AddParameter): Name = "MP"; Value = "NUCLEO-F401RE"; VariantName = "[No Variations]"
Add component (AddParameter): Name = "Package"; Value = "None"; VariantName = "[No Variations]"
Add component (AddParameter): Name = "Price"; Value = "None"; VariantName = "[No Variations]"
Add component (AddParameter): Name = "URL"; Value = "https://www.thegioiic.com/dien-tro-10-kohm-1-4w-1-5-vong-mau"; VariantName = "[No Variations]"
Add component (AddParameter): Name = "Value"; Value = ""; VariantName = "[No Variations]"
Added Component: Designator=TP5(TP_1_5mm_SMD)
Added Component: Designator=TP6(TP_1_5mm_SMD)
Added Pin To Net: NetName=NetC14_2 Pin=C13-1
Added Pin To Net: NetName=GND Pin=C13-2
Added Pin To Net: NetName=NetC18_2 Pin=P6-13
Added Pin To Net: NetName=GND Pin=P7-1
Added Pin To Net: NetName=+VIN Pin=P7-2
Added Pin To Net: NetName=NetC18_2 Pin=Q1-1
Added Pin To Net: NetName=NetC18_2 Pin=R21-2
Added Pin To Net: NetName=+3.3 Pin=R22-2
Added Pin To Net: NetName=NetP6_3 Pin=TP5-1
Added Pin To Net: NetName=NetP6_1 Pin=TP6-1
Change Net Name : Old Net Name=NetC14_2 New Net Name=NetC13_1
Added Pin To Net: NetName=NetP1_2 Pin=P1-2
Added Pin To Net: NetName=NetP1_2 Pin=P6-2
Added Pin To Net: NetName=NetP1_2 Pin=Q1-3
Added Pin To Net: NetName=NetP1_2 Pin=R22-1
Added Net: Name=NetP1_2
Added Pin To Net: NetName=NetQ1_2 Pin=Q1-2
Added Pin To Net: NetName=NetQ1_2 Pin=R21-1
Added Net: Name=NetQ1_2
Added Member To Class: ClassName=CurrentMeasure_InputProcessing Member=Component C13 1.5nF, 100V
Added Member To Class: ClassName=CurrentMeasure_PowerDistribution Member=Component P7 10A, 300V
Added Member To Class: ClassName=CurrentMeasure_ADCVoltage Member=Component Q1 Mosfet_N_channel
Added Member To Class: ClassName=CurrentMeasure_ADCVoltage Member=Component R21 10 KOhm 1/4W
Added Member To Class: ClassName=CurrentMeasure_ADCVoltage Member=Component R22 10 KOhm 1/4W
Added Member To Class: ClassName=CurrentMeasure_PowerDistribution Member=Component TP5 Test_Point
Added Member To Class: ClassName=CurrentMeasure_PowerDistribution Member=Component TP6 Test_Point
