Removed Pin From Net: NetName=GND Pin=C8-1
Removed Pin From Net: NetName=+5 Pin=C8-2
Removed Pin From Net: NetName=GND Pin=C9-1
Removed Pin From Net: NetName=+5 Pin=C9-2
Removed Pin From Net: NetName=GND Pin=C10-1
Removed Pin From Net: NetName=+5 Pin=C10-2
Removed Pin From Net: NetName=GND Pin=C11-1
Removed Pin From Net: NetName=+5 Pin=C11-2
Removed Pin From Net: NetName=GND Pin=C13-1
Removed Pin From Net: NetName=+5 Pin=C13-2
Change Component Footprint: Designator=C8 Old Footprint=CAP_0603 New Footprint=CAP_RADIAL_2.54
Change Component Footprint: Designator=C9 Old Footprint=CAP_0603 New Footprint=CAP_RADIAL_2.54
Change Component Footprint: Designator=C10 Old Footprint=CAP_0603 New Footprint=CAP_RADIAL_2.54
Change Component Footprint: Designator=C11 Old Footprint=CAP_0603 New Footprint=CAP_RADIAL_2.54
Change Component Footprint: Designator=C13 Old Footprint=CAP_0603 New Footprint=CAP_RADIAL_2.54
Change Component Comment : Designator=C9 Old Comment=1 uF, 16 VDC New Comment=100nF 50V
Change Component Comment : Designator=C11 Old Comment=1 uF, 16 VDC New Comment=100nF 50V
Change Component Comment : Designator=C8 Old Comment=100 nF, 50 VDC New Comment=1uF 50V
Change Component Comment : Designator=C10 Old Comment=100 nF, 50 VDC New Comment=1uF 50V
Change Component Comment : Designator=C13 Old Comment=100 nF, 50 VDC New Comment=100nF 50V
Change component parameters: Designator = "C8" ("C8"); Footprint = "CAP_0603"; UniqueID = "\PCISFWWP" ("\PCISFWWP")
Change component parameters (AddParameter): Name = "URL"; Value = "https://www.thegioiic.com/tu-gom-multilayer-1uf-50v"; VariantName = "[No Variations]"
Change component parameters: Designator = "C9" ("C9"); Footprint = "CAP_0603"; UniqueID = "\HUPEZLAK" ("\HUPEZLAK")
Change component parameters (AddParameter): Name = "URL"; Value = "https://www.thegioiic.com/tu-gom-tron-100nf-0-1uf-50v"; VariantName = "[No Variations]"
Change component parameters: Designator = "C10" ("C10"); Footprint = "CAP_0603"; UniqueID = "\UXJXVORM" ("\UXJXVORM")
Change component parameters (AddParameter): Name = "URL"; Value = "https://www.thegioiic.com/tu-gom-multilayer-1uf-50v"; VariantName = "[No Variations]"
Change component parameters: Designator = "C11" ("C11"); Footprint = "CAP_0603"; UniqueID = "\XGQDHVGW" ("\XGQDHVGW")
Change component parameters (AddParameter): Name = "URL"; Value = "https://www.thegioiic.com/tu-gom-tron-100nf-0-1uf-50v"; VariantName = "[No Variations]"
Change component parameters: Designator = "C13" ("C13"); Footprint = "CAP_0603"; UniqueID = "\LYJMHVYG" ("\LYJMHVYG")
Change component parameters (AddParameter): Name = "URL"; Value = "https://www.thegioiic.com/tu-gom-tron-100nf-0-1uf-50v"; VariantName = "[No Variations]"
Added Pin To Net: NetName=+5 Pin=C8-1
Added Pin To Net: NetName=GND Pin=C8-2
Added Pin To Net: NetName=+5 Pin=C9-1
Added Pin To Net: NetName=GND Pin=C9-2
Added Pin To Net: NetName=+5 Pin=C10-1
Added Pin To Net: NetName=GND Pin=C10-2
Added Pin To Net: NetName=+5 Pin=C11-1
Added Pin To Net: NetName=GND Pin=C11-2
Added Pin To Net: NetName=+5 Pin=C13-1
Added Pin To Net: NetName=GND Pin=C13-2
