Removed Pin From Net: NetName=NetC12_2 Pin=R18-1
Removed Pin From Net: NetName=OUT Pin=R18-2
Change Component Footprint: Designator=C12 Old Footprint=CAP_RADIAL_2.54 New Footprint=CAP_0603
Change Component Footprint: Designator=R18 Old Footprint=RESISTOR-1/4W New Footprint=resistor_0603
Change Component Footprint: Designator=R19 Old Footprint=RESISTOR-1/4W New Footprint=resistor_0603
Change Component Comment : Designator=C12 Old Comment=0.1uF 50V New Comment=100 nF, 50 VDC
Change Component Comment : Designator=R18 Old Comment=33K 1/4W New Comment=33 kOhm, 1/4 W
Change Component Comment : Designator=R19 Old Comment=33K 1/4W New Comment=33 kOhm, 1/4 W
Change component parameters: Designator = "C12" ("C12"); Footprint = "CAP_RADIAL_2.54"; UniqueID = "\GLTRQOJS" ("\GLTRQOJS")
Change component parameters (AddParameter): Name = "Capacitance"; Value = "100 nF"; VariantName = "[No Variations]"
Change component parameters (AddParameter): Name = "ComponentLink2Description"; Value = "Datasheet"; VariantName = "[No Variations]"
Change component parameters (AddParameter): Name = "ComponentLink2URL"; Value = "https://product.tdk.com/system/files/dam/doc/product/capacitor/ceramic/mlcc/catalog/mlcc_automotive_soft_en.pdf?ref_disty=mouser"; VariantName = "[No Variations]"
Change component parameters (AddParameter): Name = "Manufacture Name"; Value = "TDK"; VariantName = "[No Variations]"
Change component parameters (AddParameter): Name = "Manufacture SN"; Value = "CGA3E3X8R1H104K080AE"; VariantName = "[No Variations]"
Change component parameters (AddParameter): Name = "Mounting Technology"; Value = "SMT"; VariantName = "[No Variations]"
Change component parameters (AddParameter): Name = "Operating Temperature"; Value = "-55 to +125degC"; VariantName = "[No Variations]"
Change component parameters (AddParameter): Name = "Packaging"; Value = "Tape and Reel"; VariantName = "[No Variations]"
Change component parameters (AddParameter): Name = "Size"; Value = "0603"; VariantName = "[No Variations]"
Change component parameters (AddParameter): Name = "Supplier 1 Name"; Value = "Mouser"; VariantName = "[No Variations]"
Change component parameters (AddParameter): Name = "Supplier 1 SN"; Value = "810-CGA3E3X8R1H104KA"; VariantName = "[No Variations]"
Change component parameters (AddParameter): Name = "Supplier 1 URL"; Value = "https://www.mouser.com/ProductDetail/TDK/CGA3E3X8R1H104K080AE?qs=nQSIdc08i%252Bd8g3IRRgU2bw%3D%3D&utm_source=mouser-refine-download&utm_medium=file&utm_campaign=CGA3E3X8R1H104K080AE&utm_content=TDK"; VariantName = "[No Variations]"
Change component parameters (AddParameter): Name = "Supplier 2 Name"; Value = "Digi-Key"; VariantName = "[No Variations]"
Change component parameters (AddParameter): Name = "Supplier 2 SN"; Value = "445-173697-2-ND"; VariantName = "[No Variations]"
Change component parameters (AddParameter): Name = "Supplier 2 URL"; Value = "https://www.digikey.com/en/products/detail/tdk-corporation/cga3e3x8r1h104k080ae/5809262"; VariantName = "[No Variations]"
Change component parameters (AddParameter): Name = "Supplier 3 Name"; Value = "thegioiic"; VariantName = "[No Variations]"
Change component parameters (AddParameter): Name = "Supplier 3 SN"; Value = "N/A"; VariantName = "[No Variations]"
Change component parameters (AddParameter): Name = "Supplier 3 URL"; Value = "N/A"; VariantName = "[No Variations]"
Change component parameters (AddParameter): Name = "Tolerance"; Value = "+/-10%"; VariantName = "[No Variations]"
Change component parameters (AddParameter): Name = "Value"; Value = "100 nF, 50 VDC"; VariantName = "[No Variations]"
Change component parameters (AddParameter): Name = "Voltage Rating DC"; Value = "50 VDC"; VariantName = "[No Variations]"
Change component parameters: Designator = "R18" ("R18"); Footprint = "RESISTOR-1/4W"; UniqueID = "\ETCCUWUA" ("\ETCCUWUA")
Change component parameters (AddParameter): Name = "ComponentLink1Description"; Value = "Datasheet link"; VariantName = "[No Variations]"
Change component parameters (AddParameter): Name = "ComponentLink1URL"; Value = "https://api.pim.na.industrial.panasonic.com/file_stream/main/fileversion/4484"; VariantName = "[No Variations]"
Change component parameters (AddParameter): Name = "ComponentLink2Description"; Value = "Supplier 1 URL"; VariantName = "[No Variations]"
Change component parameters (AddParameter): Name = "ComponentLink2URL"; Value = "N/A"; VariantName = "[No Variations]"
Change component parameters (AddParameter): Name = "ComponentLink3Description"; Value = "Supplier 2 URL"; VariantName = "[No Variations]"
Change component parameters (AddParameter): Name = "ComponentLink3URL"; Value = "https://www.digikey.com/en/products/detail/panasonic-electronic-components/ERJ-UP3F33R0V/12092441"; VariantName = "[No Variations]"
Change component parameters (AddParameter): Name = "ComponentLink4Description"; Value = "Supplier 3 URL"; VariantName = "[No Variations]"
Change component parameters (AddParameter): Name = "ComponentLink4URL"; Value = "N/A"; VariantName = "[No Variations]"
Change component parameters (AddParameter): Name = "Manufacture  Name"; Value = "OEM"; VariantName = "[No Variations]"
Change component parameters (AddParameter): Name = "Manufacture  SN"; Value = "OEM"; VariantName = "[No Variations]"
Change component parameters (AddParameter): Name = "Mounting Technology"; Value = "SMT"; VariantName = "[No Variations]"
Change component parameters (AddParameter): Name = "Rated Power"; Value = "1/4 W"; VariantName = "[No Variations]"
Change component parameters (AddParameter): Name = "Resistance"; Value = "33 Ohm"; VariantName = "[No Variations]"
Change component parameters (AddParameter): Name = "Resistance Tolerance"; Value = "+/-1%"; VariantName = "[No Variations]"
Change component parameters (AddParameter): Name = "Size"; Value = "0603"; VariantName = "[No Variations]"
Change component parameters (AddParameter): Name = "Supplier 1 Name"; Value = "Mouser"; VariantName = "[No Variations]"
Change component parameters (AddParameter): Name = "Supplier 1 SN"; Value = "667-ERJ-UP3F33R0V"; VariantName = "[No Variations]"
Change component parameters (AddParameter): Name = "Supplier 1 URL"; Value = "https://www.mouser.vn/ProductDetail/Panasonic/ERJ-UP3F33R0V?qs=sGAEpiMZZMvdGkrng054twq3eZrCFN89SIaxCOiI%2FLhwYCTxSQzpaA%3D%3D"; VariantName = "[No Variations]"
Change component parameters (AddParameter): Name = "Supplier 2 Name"; Value = "Digi-Key"; VariantName = "[No Variations]"
Change component parameters (AddParameter): Name = "Supplier 2 SN"; Value = "10-ERJ-UP3F33R0VTR-ND 10-ERJ-UP3F33R0VCT-ND 10-ERJ-UP3F33R0VDKR-ND"; VariantName = "[No Variations]"
Change component parameters (AddParameter): Name = "Supplier 2 URL"; Value = "https://www.digikey.com/en/products/detail/panasonic-electronic-components/ERJ-UP3F33R0V/12092441"; VariantName = "[No Variations]"
Change component parameters (AddParameter): Name = "Supplier 3 Name"; Value = "thegioiic"; VariantName = "[No Variations]"
Change component parameters (AddParameter): Name = "Supplier 3 SN"; Value = "N/A"; VariantName = "[No Variations]"
Change component parameters (AddParameter): Name = "Supplier 3 URL"; Value = "https://www.thegioiic.com/dien-tro-33-kohm-0603-1-"; VariantName = "[No Variations]"
Change component parameters (AddParameter): Name = "Value"; Value = "33 kOhm, 1/4 W"; VariantName = "[No Variations]"
Change component parameters: Designator = "R19" ("R19"); Footprint = "RESISTOR-1/4W"; UniqueID = "\LCORIPTM" ("\LCORIPTM")
Change component parameters (AddParameter): Name = "ComponentLink1Description"; Value = "Datasheet link"; VariantName = "[No Variations]"
Change component parameters (AddParameter): Name = "ComponentLink1URL"; Value = "https://api.pim.na.industrial.panasonic.com/file_stream/main/fileversion/4484"; VariantName = "[No Variations]"
Change component parameters (AddParameter): Name = "ComponentLink2Description"; Value = "Supplier 1 URL"; VariantName = "[No Variations]"
Change component parameters (AddParameter): Name = "ComponentLink2URL"; Value = "N/A"; VariantName = "[No Variations]"
Change component parameters (AddParameter): Name = "ComponentLink3Description"; Value = "Supplier 2 URL"; VariantName = "[No Variations]"
Change component parameters (AddParameter): Name = "ComponentLink3URL"; Value = "https://www.digikey.com/en/products/detail/panasonic-electronic-components/ERJ-UP3F33R0V/12092441"; VariantName = "[No Variations]"
Change component parameters (AddParameter): Name = "ComponentLink4Description"; Value = "Supplier 3 URL"; VariantName = "[No Variations]"
Change component parameters (AddParameter): Name = "ComponentLink4URL"; Value = "N/A"; VariantName = "[No Variations]"
Change component parameters (AddParameter): Name = "Manufacture  Name"; Value = "OEM"; VariantName = "[No Variations]"
Change component parameters (AddParameter): Name = "Manufacture  SN"; Value = "OEM"; VariantName = "[No Variations]"
Change component parameters (AddParameter): Name = "Mounting Technology"; Value = "SMT"; VariantName = "[No Variations]"
Change component parameters (AddParameter): Name = "Rated Power"; Value = "1/4 W"; VariantName = "[No Variations]"
Change component parameters (AddParameter): Name = "Resistance"; Value = "33 Ohm"; VariantName = "[No Variations]"
Change component parameters (AddParameter): Name = "Resistance Tolerance"; Value = "+/-1%"; VariantName = "[No Variations]"
Change component parameters (AddParameter): Name = "Size"; Value = "0603"; VariantName = "[No Variations]"
Change component parameters (AddParameter): Name = "Supplier 1 Name"; Value = "Mouser"; VariantName = "[No Variations]"
Change component parameters (AddParameter): Name = "Supplier 1 SN"; Value = "667-ERJ-UP3F33R0V"; VariantName = "[No Variations]"
Change component parameters (AddParameter): Name = "Supplier 1 URL"; Value = "https://www.mouser.vn/ProductDetail/Panasonic/ERJ-UP3F33R0V?qs=sGAEpiMZZMvdGkrng054twq3eZrCFN89SIaxCOiI%2FLhwYCTxSQzpaA%3D%3D"; VariantName = "[No Variations]"
Change component parameters (AddParameter): Name = "Supplier 2 Name"; Value = "Digi-Key"; VariantName = "[No Variations]"
Change component parameters (AddParameter): Name = "Supplier 2 SN"; Value = "10-ERJ-UP3F33R0VTR-ND 10-ERJ-UP3F33R0VCT-ND 10-ERJ-UP3F33R0VDKR-ND"; VariantName = "[No Variations]"
Change component parameters (AddParameter): Name = "Supplier 2 URL"; Value = "https://www.digikey.com/en/products/detail/panasonic-electronic-components/ERJ-UP3F33R0V/12092441"; VariantName = "[No Variations]"
Change component parameters (AddParameter): Name = "Supplier 3 Name"; Value = "thegioiic"; VariantName = "[No Variations]"
Change component parameters (AddParameter): Name = "Supplier 3 SN"; Value = "N/A"; VariantName = "[No Variations]"
Change component parameters (AddParameter): Name = "Supplier 3 URL"; Value = "https://www.thegioiic.com/dien-tro-33-kohm-0603-1-"; VariantName = "[No Variations]"
Change component parameters (AddParameter): Name = "Value"; Value = "33 kOhm, 1/4 W"; VariantName = "[No Variations]"
Added Pin To Net: NetName=OUT Pin=R18-1
Added Pin To Net: NetName=NetC12_2 Pin=R18-2
