Removed Pin From Net: NetName=NetP16_1 Pin=U1-CN7_28
Removed Pin From Net: NetName=NetC7_1 Pin=U1-CN7_30
Removed Pin From Net: NetName=NetP12_3 Pin=U1-CN7_32
Removed Pin From Net: NetName=PS2_CMD Pin=U1-CN7_35
Removed Pin From Net: NetName=PS2_ATTENTION Pin=U1-CN7_36
Removed Pin From Net: NetName=PS2_DATA Pin=U1-CN7_37
Removed Pin From Net: NetName=I2C_SCL_PIN Pin=U1-CN10_3
Removed Pin From Net: NetName=NetP12_1 Pin=U1-CN10_6
Removed Pin From Net: NetName=NetP11_3 Pin=U1-CN10_11
Removed Pin From Net: NetName=NetP18_2 Pin=U1-CN10_12
Removed Pin From Net: NetName=NetP11_1 Pin=U1-CN10_13
Removed Pin From Net: NetName=NetP18_1 Pin=U1-CN10_14
Removed Pin From Net: NetName=NetP11_2 Pin=U1-CN10_15
Removed Pin From Net: NetName=NetR3_1 Pin=U1-CN10_26
Removed Pin From Net: NetName=IMU_RST_PIN Pin=U1-CN10_29
Removed Pin From Net: NetName=PS2_CLOCK Pin=U1-CN10_33
Removed Pin From Net: NetName=NetP12_2 Pin=U1-CN10_34
Removed Pin From Net: NetName=NetP7_1 Pin=U1-CN10_35
Added Component: Designator=C21(WCAP-ASLI_D8H10.5)
Add component (AddParameter): Name = "Capacitance"; Value = "220uF"; VariantName = "[No Variations]"
Add component (AddParameter): Name = "Capacitance Tolerance"; Value = "+/-20%"; VariantName = "[No Variations]"
Add component (AddParameter): Name = "Category"; Value = "Aluminum Electrolytic Capacitors"; VariantName = "[No Variations]"
Add component (AddParameter): Name = "ComponentLink2Description"; Value = "Datasheet Link"; VariantName = "[No Variations]"
Add component (AddParameter): Name = "ComponentLink2URL"; Value = "https://www.we-online.com/redexpert/spec/865080453013?ad"; VariantName = "[No Variations]"
Add component (AddParameter): Name = "Diameter"; Value = "8mm"; VariantName = "[No Variations]"
Add component (AddParameter): Name = "Dissipation Factor"; Value = "14%"; VariantName = "[No Variations]"
Add component (AddParameter): Name = "Endurance"; Value = "2000h"; VariantName = "[No Variations]"
Add component (AddParameter): Name = "Height"; Value = "10.5mm"; VariantName = "[No Variations]"
Add component (AddParameter): Name = "Leakage Current"; Value = "55uA"; VariantName = "[No Variations]"
Add component (AddParameter): Name = "Manufacturer"; Value = "Wurth Elektronik"; VariantName = "[No Variations]"
Add component (AddParameter): Name = "Manufacturer Part Number"; Value = "N/A"; VariantName = "[No Variations]"
Add component (AddParameter): Name = "Mount"; Value = "Surface Mount"; VariantName = "[No Variations]"
Add component (AddParameter): Name = "Operating Temperature Max"; Value = "105°C"; VariantName = "[No Variations]"
Add component (AddParameter): Name = "Operating Temperature Min"; Value = "-55°C"; VariantName = "[No Variations]"
Add component (AddParameter): Name = "Packaging"; Value = "Tape and Reel"; VariantName = "[No Variations]"
Add component (AddParameter): Name = "Rated Voltage (DC)"; Value = "25V"; VariantName = "[No Variations]"
Add component (AddParameter): Name = "Ripple Current"; Value = "530mA"; VariantName = "[No Variations]"
Add component (AddParameter): Name = "Supplier 1 Name"; Value = "Mouser"; VariantName = "[No Variations]"
Add component (AddParameter): Name = "Supplier 1 SN"; Value = "710-865080453013"; VariantName = "[No Variations]"
Add component (AddParameter): Name = "Supplier 1 URL"; Value = "https://www.mouser.com/ProductDetail/Wurth-Elektronik/865080453013?qs=0KOYDY2FL283%2FWj%2FzGH1oQ%3D%3D"; VariantName = "[No Variations]"
Add component (AddParameter): Name = "Supplier 2 Name"; Value = "Digi-Key"; VariantName = "[No Variations]"
Add component (AddParameter): Name = "Supplier 2 SN"; Value = "N/A"; VariantName = "[No Variations]"
Add component (AddParameter): Name = "Supplier 2 URL"; Value = "N/A"; VariantName = "[No Variations]"
Add component (AddParameter): Name = "Supplier 3 Name"; Value = "thegioiic"; VariantName = "[No Variations]"
Add component (AddParameter): Name = "Supplier 3 SN"; Value = "N/A"; VariantName = "[No Variations]"
Add component (AddParameter): Name = "Supplier 3 URL"; Value = "https://www.thegioiic.com/tu-nhom-smd-220uf-25v-8x10-5mm"; VariantName = "[No Variations]"
Add component (AddParameter): Name = "Value"; Value = "220uF, 25V"; VariantName = "[No Variations]"
Added Component: Designator=C22(WCAP-ASLI_D5H5.5)
Add component (AddParameter): Name = "Capacitance"; Value = "47uF"; VariantName = "[No Variations]"
Add component (AddParameter): Name = "Capacitance Tolerance"; Value = "+/-20%"; VariantName = "[No Variations]"
Add component (AddParameter): Name = "Category"; Value = "Aluminum Electrolytic Capacitors"; VariantName = "[No Variations]"
Add component (AddParameter): Name = "ComponentLink2Description"; Value = "Datasheet Link"; VariantName = "[No Variations]"
Add component (AddParameter): Name = "ComponentLink2URL"; Value = "https://www.we-online.com/redexpert/spec/865080342006?ad"; VariantName = "[No Variations]"
Add component (AddParameter): Name = "Diameter"; Value = "5mm"; VariantName = "[No Variations]"
Add component (AddParameter): Name = "Dissipation Factor"; Value = "16%"; VariantName = "[No Variations]"
Add component (AddParameter): Name = "Endurance"; Value = "2000h"; VariantName = "[No Variations]"
Add component (AddParameter): Name = "Height"; Value = "5.5mm"; VariantName = "[No Variations]"
Add component (AddParameter): Name = "Leakage Current"; Value = "7.52uA"; VariantName = "[No Variations]"
Add component (AddParameter): Name = "Manufacturer"; Value = "Wurth Elektronik"; VariantName = "[No Variations]"
Add component (AddParameter): Name = "Manufacturer Part Number"; Value = "N/A"; VariantName = "[No Variations]"
Add component (AddParameter): Name = "Mount"; Value = "Surface Mount"; VariantName = "[No Variations]"
Add component (AddParameter): Name = "Operating Temperature Max"; Value = "105°C"; VariantName = "[No Variations]"
Add component (AddParameter): Name = "Operating Temperature Min"; Value = "-55°C"; VariantName = "[No Variations]"
Add component (AddParameter): Name = "Packaging"; Value = "Tape and Reel"; VariantName = "[No Variations]"
Add component (AddParameter): Name = "Rated Voltage (DC)"; Value = "16V"; VariantName = "[No Variations]"
Add component (AddParameter): Name = "Ripple Current"; Value = "195mA"; VariantName = "[No Variations]"
Add component (AddParameter): Name = "Supplier 1 Name"; Value = "Mouser"; VariantName = "[No Variations]"
Add component (AddParameter): Name = "Supplier 1 SN"; Value = "710-865080262015"; VariantName = "[No Variations]"
Add component (AddParameter): Name = "Supplier 1 URL"; Value = "https://www.mouser.com/ProductDetail/Wurth-Elektronik/865080262015?qs=0KOYDY2FL2%2Ffe5w2MssUoQ%3D%3D"; VariantName = "[No Variations]"
Add component (AddParameter): Name = "Supplier 2 Name"; Value = "Digi-Key"; VariantName = "[No Variations]"
Add component (AddParameter): Name = "Supplier 2 SN"; Value = "N/A"; VariantName = "[No Variations]"
Add component (AddParameter): Name = "Supplier 2 URL"; Value = "N/A"; VariantName = "[No Variations]"
Add component (AddParameter): Name = "Supplier 3 Name"; Value = "thegioiic"; VariantName = "[No Variations]"
Add component (AddParameter): Name = "Supplier 3 SN"; Value = "N/A"; VariantName = "[No Variations]"
Add component (AddParameter): Name = "Supplier 3 URL"; Value = "https://www.thegioiic.com/tu-nhom-smd-47uf-16v-5x5-4mm"; VariantName = "[No Variations]"
Add component (AddParameter): Name = "Value"; Value = "47uF, 16V"; VariantName = "[No Variations]"
Added Component: Designator=D8(DO-214AB, SMA)
Added Component: Designator=F3(Fuse_SMD_1812)
Add component (AddParameter): Name = "ComponentLink1Description"; Value = "Datasheet link"; VariantName = "[No Variations]"
Add component (AddParameter): Name = "ComponentLink1URL"; Value = "https://www.littelfuse.com/~/media/electronics/product_specifications/resettable_ptcs/littelfuse_ptc_minismdc300f_2_product_specification.pdf.pdf"; VariantName = "[No Variations]"
Add component (AddParameter): Name = "ComponentLink2Description"; Value = "Supplier 1 URL"; VariantName = "[No Variations]"
Add component (AddParameter): Name = "ComponentLink2URL"; Value = "https://www.mouser.vn/ProductDetail/Littelfuse/MINISMDC300F-2?qs=NBx1VnXdadznR1WtAMXLew%3D%3D"; VariantName = "[No Variations]"
Add component (AddParameter): Name = "ComponentLink3Description"; Value = "Supplier 2 URL"; VariantName = "[No Variations]"
Add component (AddParameter): Name = "ComponentLink3URL"; Value = "https://www.digikey.com/en/products/detail/littelfuse-inc/MINISMDC300F-2/3885071?s=N4IgjCBcoGwBwCYqgMZQGYEMA2BnApgDQgD2UA2iAMwAEAgiALrEAOALlCAKoB2AlmwDy6ALL5MuAK4AnfCAC%2BxeFWQg0kLHiKkKIGPSasOkbvyGjxU2QqVwYq9ZoLEykSghgB2ACwBWJMwg7JwAymzSfDwA5jYgCAAMnkjQahg4zjpu4PHxBoHBJrwCwmISMnKKcYm%2BDmlaLrpU%2BgC2ggAWzbiGQcamxRZl1vKVyZTokgRM8kA"; VariantName = "[No Variations]"
Add component (AddParameter): Name = "ComponentLink4Description"; Value = "Supplier 3 URL"; VariantName = "[No Variations]"
Add component (AddParameter): Name = "ComponentLink4URL"; Value = "https://www.thegioiic.com/cau-chi-tu-phuc-hoi-1812-6v-3a"; VariantName = "[No Variations]"
Add component (AddParameter): Name = "Hold Current"; Value = "3A"; VariantName = "[No Variations]"
Add component (AddParameter): Name = "Manufacturer"; Value = "Littelfuse"; VariantName = "[No Variations]"
Add component (AddParameter): Name = "Mounting Technology"; Value = "SMT/SMD"; VariantName = "[No Variations]"
Add component (AddParameter): Name = "Size"; Value = "1812"; VariantName = "[No Variations]"
Add component (AddParameter): Name = "Supplier 1 Name"; Value = "Mouser"; VariantName = "[No Variations]"
Add component (AddParameter): Name = "Supplier 1 SN"; Value = "650-MINISMDC300F-2"; VariantName = "[No Variations]"
Add component (AddParameter): Name = "Supplier 1 URL"; Value = "https://www.mouser.vn/ProductDetail/Littelfuse/MINISMDC300F-2?qs=NBx1VnXdadznR1WtAMXLew%3D%3D"; VariantName = "[No Variations]"
Add component (AddParameter): Name = "Supplier 2 Name"; Value = "Digi-Key"; VariantName = "[No Variations]"
Add component (AddParameter): Name = "Supplier 2 SN"; Value = "MINISMDC300F-2TR-ND"; VariantName = "[No Variations]"
Add component (AddParameter): Name = "Supplier 2 URL"; Value = "https://www.mouser.vn/ProductDetail/Littelfuse/MINISMDC300F-2?qs=NBx1VnXdadznR1WtAMXLew%3D%3D"; VariantName = "[No Variations]"
Add component (AddParameter): Name = "Supplier 3 Name"; Value = "thegioiic"; VariantName = "[No Variations]"
Add component (AddParameter): Name = "Supplier 3 SN"; Value = "N/A"; VariantName = "[No Variations]"
Add component (AddParameter): Name = "Supplier 3 URL"; Value = "https://www.thegioiic.com/cau-chi-tu-phuc-hoi-1812-6v-3a"; VariantName = "[No Variations]"
Add component (AddParameter): Name = "Threshold Current"; Value = "100A"; VariantName = "[No Variations]"
Add component (AddParameter): Name = "Threshold Voltage"; Value = "6V"; VariantName = "[No Variations]"
Add component (AddParameter): Name = "Trip Current"; Value = "6A"; VariantName = "[No Variations]"
Add component (AddParameter): Name = "Value"; Value = "6V, 3A"; VariantName = "[No Variations]"
Added Component: Designator=P21(691312510002)
Add component (AddParameter): Name = "Application"; Value = "Pluggable"; VariantName = "[No Variations]"
Add component (AddParameter): Name = "Category"; Value = "Terminal Blocks"; VariantName = "[No Variations]"
Add component (AddParameter): Name = "ComponentLink1Description"; Value = "Datasheet Link"; VariantName = "[No Variations]"
Add component (AddParameter): Name = "ComponentLink1URL"; Value = "https://www.we-online.com/redexpert/spec/691312510002?ad"; VariantName = "[No Variations]"
Add component (AddParameter): Name = "ComponentLink2Description"; Value = "Supplier 1 URL"; VariantName = "[No Variations]"
Add component (AddParameter): Name = "ComponentLink2URL"; Value = "N/A"; VariantName = "[No Variations]"
Add component (AddParameter): Name = "ComponentLink3Description"; Value = "Supplier 2 URL"; VariantName = "[No Variations]"
Add component (AddParameter): Name = "ComponentLink3URL"; Value = "N/A"; VariantName = "[No Variations]"
Add component (AddParameter): Name = "ComponentLink4Description"; Value = "Supplier 3 URL"; VariantName = "[No Variations]"
Add component (AddParameter): Name = "ComponentLink4URL"; Value = "https://www.thegioiic.com/kf-5-08-2-r-terminal-block-plug-in-han-pcb-2-chan-cong-5-08mm-300v-15a"; VariantName = "[No Variations]"
Add component (AddParameter): Name = "Manufacturer"; Value = "Wurth Elektronik"; VariantName = "[No Variations]"
Add component (AddParameter): Name = "Manufacturer Part Number"; Value = "691312510002"; VariantName = "[No Variations]"
Add component (AddParameter): Name = "Match Code"; Value = "WR-TBL"; VariantName = "[No Variations]"
Add component (AddParameter): Name = "Modularity"; Value = "No"; VariantName = "[No Variations]"
Add component (AddParameter): Name = "Mount"; Value = "Through Hole"; VariantName = "[No Variations]"
Add component (AddParameter): Name = "Number of Pins"; Value = "2"; VariantName = "[No Variations]"
Add component (AddParameter): Name = "Number of Rows"; Value = "1"; VariantName = "[No Variations]"
Add component (AddParameter): Name = "Operating Temperature Max"; Value = "105°C"; VariantName = "[No Variations]"
Add component (AddParameter): Name = "Operating Temperature Min"; Value = "-40°C"; VariantName = "[No Variations]"
Add component (AddParameter): Name = "Orientation"; Value = "Horizontal"; VariantName = "[No Variations]"
Add component (AddParameter): Name = "Packaging"; Value = "Box"; VariantName = "[No Variations]"
Add component (AddParameter): Name = "Pitch"; Value = "5.08mm"; VariantName = "[No Variations]"
Add component (AddParameter): Name = "Rated Current"; Value = "20A"; VariantName = "[No Variations]"
Add component (AddParameter): Name = "Supplier 1 Name"; Value = "Mouser"; VariantName = "[No Variations]"
Add component (AddParameter): Name = "Supplier 1 SN"; Value = "N/A"; VariantName = "[No Variations]"
Add component (AddParameter): Name = "Supplier 1 URL"; Value = "N/A"; VariantName = "[No Variations]"
Add component (AddParameter): Name = "Supplier 2 Name"; Value = "Digi-Key"; VariantName = "[No Variations]"
Add component (AddParameter): Name = "Supplier 2 SN"; Value = "N/A"; VariantName = "[No Variations]"
Add component (AddParameter): Name = "Supplier 2 URL"; Value = "N/A"; VariantName = "[No Variations]"
Add component (AddParameter): Name = "Supplier 3 Name"; Value = "thegioiic"; VariantName = "[No Variations]"
Add component (AddParameter): Name = "Supplier 3 SN"; Value = "N/A"; VariantName = "[No Variations]"
Add component (AddParameter): Name = "Supplier 3 URL"; Value = "https://www.thegioiic.com/kf-5-08-2-r-terminal-block-plug-in-han-pcb-2-chan-cong-5-08mm-300v-15a"; VariantName = "[No Variations]"
Add component (AddParameter): Name = "Value"; Value = "20A, 300V"; VariantName = "[No Variations]"
Add component (AddParameter): Name = "Working Voltage"; Value = "300V"; VariantName = "[No Variations]"
Added Component: Designator=P22(620109131822)
Add component (AddParameter): Name = "ComponentLink1Description"; Value = "Manufacturer"; VariantName = "[No Variations]"
Add component (AddParameter): Name = "ComponentLink1URL"; Value = "http://www.we-online.de"; VariantName = "[No Variations]"
Add component (AddParameter): Name = "ComponentLink2Description"; Value = "Datasheet"; VariantName = "[No Variations]"
Add component (AddParameter): Name = "ComponentLink2URL"; Value = "https://www.we-online.com/catalog/datasheet/620109131822.pdf"; VariantName = "[No Variations]"
Add component (AddParameter): Name = "ComponentLink3Description"; Value = "Global Supply"; VariantName = "[No Variations]"
Add component (AddParameter): Name = "ComponentLink3URL"; Value = "https://www.we-online.com/en/components/products/WTB_2_00_SMT_MALE_HORIZONTAL_SHROUDED_HEADER_6201XX131822?sq=620109131822#620109131822"; VariantName = "[No Variations]"
Add component (AddParameter): Name = "Contact Resistance"; Value = "20mOhm"; VariantName = "[No Variations]"
Add component (AddParameter): Name = "Gender"; Value = "Male"; VariantName = "[No Variations]"
Add component (AddParameter): Name = "Mounting Technology"; Value = "SMT"; VariantName = "[No Variations]"
Add component (AddParameter): Name = "Operating Temperature"; Value = "-25 to +85degC"; VariantName = "[No Variations]"
Add component (AddParameter): Name = "Packaging"; Value = "Tape and Reel"; VariantName = "[No Variations]"
Add component (AddParameter): Name = "Part Number"; Value = "620109131822"; VariantName = "[No Variations]"
Add component (AddParameter): Name = "Pin Number"; Value = "9"; VariantName = "[No Variations]"
Add component (AddParameter): Name = "Pitch"; Value = "2mm"; VariantName = "[No Variations]"
Add component (AddParameter): Name = "Published Date"; Value = "January 2020"; VariantName = "[No Variations]"
Add component (AddParameter): Name = "Publisher"; Value = "Wurth Elektronik"; VariantName = "[No Variations]"
Add component (AddParameter): Name = "Rated Current"; Value = "2A"; VariantName = "[No Variations]"
Add component (AddParameter): Name = "Supplier 1 Name"; Value = "Mouser"; VariantName = "[No Variations]"
Add component (AddParameter): Name = "Supplier 1 SN"; Value = "N/A"; VariantName = "[No Variations]"
Add component (AddParameter): Name = "Supplier 1 URL"; Value = "N/A"; VariantName = "[No Variations]"
Add component (AddParameter): Name = "Supplier 2 Name"; Value = "Digi-Key"; VariantName = "[No Variations]"
Add component (AddParameter): Name = "Supplier 2 SN"; Value = "N/A"; VariantName = "[No Variations]"
Add component (AddParameter): Name = "Supplier 2 URL"; Value = "N/A"; VariantName = "[No Variations]"
Add component (AddParameter): Name = "Supplier 3 Name"; Value = "thegioiic"; VariantName = "[No Variations]"
Add component (AddParameter): Name = "Supplier 3 SN"; Value = "N/A"; VariantName = "[No Variations]"
Add component (AddParameter): Name = "Supplier 3 URL"; Value = "N/A"; VariantName = "[No Variations]"
Add component (AddParameter): Name = "Type"; Value = "Horizontal"; VariantName = "[No Variations]"
Add component (AddParameter): Name = "Value"; Value = "2A, 125V(AC)"; VariantName = "[No Variations]"
Add component (AddParameter): Name = "Withstanding Voltage"; Value = "800VAC"; VariantName = "[No Variations]"
Add component (AddParameter): Name = "Working Voltage"; Value = "100VAC"; VariantName = "[No Variations]"
Added Pin To Net: NetName=+12 Pin=C21-1
Added Pin To Net: NetName=GND Pin=C21-2
Added Pin To Net: NetName=+12 Pin=C22-1
Added Pin To Net: NetName=GND Pin=C22-2
Added Pin To Net: NetName=GND Pin=D8-1
Added Pin To Net: NetName=+12 Pin=D8-2
Added Pin To Net: NetName=+12 Pin=F3-1
Added Pin To Net: NetName=GND Pin=P21-1
Added Pin To Net: NetName=NetP7_1 Pin=U1-CN7_28
Added Pin To Net: NetName=NetP16_1 Pin=U1-CN7_30
Added Pin To Net: NetName=NetP11_1 Pin=U1-CN7_35
Added Pin To Net: NetName=NetP11_2 Pin=U1-CN7_37
Added Pin To Net: NetName=NetR3_1 Pin=U1-CN10_2
Added Pin To Net: NetName=PS2_CLOCK Pin=U1-CN10_11
Added Pin To Net: NetName=NetP12_2 Pin=U1-CN10_12
Added Pin To Net: NetName=PS2_CMD Pin=U1-CN10_13
Added Pin To Net: NetName=NetP12_3 Pin=U1-CN10_14
Added Pin To Net: NetName=PS2_DATA Pin=U1-CN10_15
Added Pin To Net: NetName=I2C_SCL_PIN Pin=U1-CN10_17
Added Pin To Net: NetName=NetP18_2 Pin=U1-CN10_25
Added Pin To Net: NetName=IMU_RST_PIN Pin=U1-CN10_27
Added Pin To Net: NetName=NetP11_3 Pin=U1-CN10_30
Added Pin To Net: NetName=NetP18_1 Pin=U1-CN10_31
Added Pin To Net: NetName=NetP12_1 Pin=U1-CN10_33
Added Pin To Net: NetName=PS2_ATTENTION Pin=U1-CN10_34
Added Pin To Net: NetName=NetC7_1 Pin=U1-CN10_35
Added Pin To Net: NetName=NetF3_0 Pin=F3-0
Added Pin To Net: NetName=NetF3_0 Pin=P21-2
Added Net: Name=NetF3_0
Added Pin To Net: NetName=NetP22_1 Pin=P22-1
Added Pin To Net: NetName=NetP22_1 Pin=U1-CN7_23
Added Net: Name=NetP22_1
Added Pin To Net: NetName=NetP22_2 Pin=P22-2
Added Pin To Net: NetName=NetP22_2 Pin=U1-CN7_25
Added Net: Name=NetP22_2
Added Pin To Net: NetName=NetP22_3 Pin=P22-3
Added Pin To Net: NetName=NetP22_3 Pin=U1-CN10_5
Added Net: Name=NetP22_3
Added Pin To Net: NetName=NetP22_4 Pin=P22-4
Added Pin To Net: NetName=NetP22_4 Pin=U1-CN10_3
Added Net: Name=NetP22_4
Added Pin To Net: NetName=NetP22_5 Pin=P22-5
Added Pin To Net: NetName=NetP22_5 Pin=U1-CN10_29
Added Net: Name=NetP22_5
Added Pin To Net: NetName=NetP22_6 Pin=P22-6
Added Pin To Net: NetName=NetP22_6 Pin=U1-CN7_1
Added Net: Name=NetP22_6
Added Pin To Net: NetName=NetP22_7 Pin=P22-7
Added Pin To Net: NetName=NetP22_7 Pin=U1-CN7_2
Added Net: Name=NetP22_7
Added Pin To Net: NetName=NetP22_8 Pin=P22-8
Added Pin To Net: NetName=NetP22_8 Pin=U1-CN7_3
Added Net: Name=NetP22_8
Added Pin To Net: NetName=NetP22_9 Pin=P22-9
Added Pin To Net: NetName=NetP22_9 Pin=U1-CN7_27
Added Net: Name=NetP22_9
Added Member To Class: ClassName=MotherBoard_AuxiliarySystem Member=Component C21 220uF, 25V
Added Member To Class: ClassName=MotherBoard_AuxiliarySystem Member=Component C22 47uF, 16V
Added Member To Class: ClassName=MotherBoard_AuxiliarySystem Member=Component D8 5A 40V
Added Member To Class: ClassName=MotherBoard_AuxiliarySystem Member=Component F3 6V, 3A
Added Member To Class: ClassName=MotherBoard_AuxiliarySystem Member=Component P21 20A, 300V
Added Member To Class: ClassName=MotherBoard_JetsonSupport Member=Component P22 2A, 125V(AC)
