Change Component Footprint: Designator=C22 Old Footprint=WCAP-ASLI_D5H5.5 New Footprint=WCAP-ASLI_D4H5.5
Change Component Footprint: Designator=C21 Old Footprint=WCAP-ASLI_D8H10.5 New Footprint=WCAP-ASLI_D6.3H5.5
Change Component Comment : Designator=C22 Old Comment=47uF, 16V New Comment=10uF, 25V
Change Component Comment : Designator=C21 Old Comment=220uF, 25V New Comment=100uF, 16V
Change component parameters: Designator = "C22" ("C22"); Footprint = "WCAP-ASLI_D5H5.5"; UniqueID = "\LVNREOHS" ("\LVNREOHS")
Change component parameters (AddParameter): Name = "Capacitance"; Value = "10uF"; VariantName = "[No Variations]"
Change component parameters (AddParameter): Name = "Capacitance Tolerance"; Value = "+/-20%"; VariantName = "[No Variations]"
Change component parameters (AddParameter): Name = "Category"; Value = "Aluminum Electrolytic Capacitors"; VariantName = "[No Variations]"
Change component parameters (AddParameter): Name = "ComponentLink2Description"; Value = "Datasheet Link"; VariantName = "[No Variations]"
Change component parameters (AddParameter): Name = "ComponentLink2URL"; Value = "https://www.we-online.com/redexpert/spec/865080440002?ad"; VariantName = "[No Variations]"
Change component parameters (AddParameter): Name = "Diameter"; Value = "4mm"; VariantName = "[No Variations]"
Change component parameters (AddParameter): Name = "Dissipation Factor"; Value = "14%"; VariantName = "[No Variations]"
Change component parameters (AddParameter): Name = "Endurance"; Value = "2000h"; VariantName = "[No Variations]"
Change component parameters (AddParameter): Name = "Height"; Value = "5.5mm"; VariantName = "[No Variations]"
Change component parameters (AddParameter): Name = "Leakage Current"; Value = "3uA"; VariantName = "[No Variations]"
Change component parameters (AddParameter): Name = "Manufacturer"; Value = "Wurth Elektronik"; VariantName = "[No Variations]"
Change component parameters (AddParameter): Name = "Manufacturer Part Number"; Value = "N/A"; VariantName = "[No Variations]"
Change component parameters (AddParameter): Name = "Mount"; Value = "Surface Mount"; VariantName = "[No Variations]"
Change component parameters (AddParameter): Name = "Operating Temperature Max"; Value = "105°C"; VariantName = "[No Variations]"
Change component parameters (AddParameter): Name = "Operating Temperature Min"; Value = "-55°C"; VariantName = "[No Variations]"
Change component parameters (AddParameter): Name = "Packaging"; Value = "Tape and Reel"; VariantName = "[No Variations]"
Change component parameters (AddParameter): Name = "Rated Voltage (DC)"; Value = "25V"; VariantName = "[No Variations]"
Change component parameters (AddParameter): Name = "Ripple Current"; Value = "85mA"; VariantName = "[No Variations]"
Change component parameters (AddParameter): Name = "Supplier 1 Name"; Value = "Mouser"; VariantName = "[No Variations]"
Change component parameters (AddParameter): Name = "Supplier 1 SN"; Value = "710-865080440002"; VariantName = "[No Variations]"
Change component parameters (AddParameter): Name = "Supplier 1 URL"; Value = "https://www.mouser.com/ProductDetail/Wurth-Elektronik/865080440002?qs=0KOYDY2FL2%2FXvxJ7qSnXzw%3D%3D"; VariantName = "[No Variations]"
Change component parameters (AddParameter): Name = "Supplier 2 Name"; Value = "Digi-Key"; VariantName = "[No Variations]"
Change component parameters (AddParameter): Name = "Supplier 2 SN"; Value = "N/A"; VariantName = "[No Variations]"
Change component parameters (AddParameter): Name = "Supplier 2 URL"; Value = "N/A"; VariantName = "[No Variations]"
Change component parameters (AddParameter): Name = "Supplier 3 Name"; Value = "thegioiic"; VariantName = "[No Variations]"
Change component parameters (AddParameter): Name = "Supplier 3 SN"; Value = "N/A"; VariantName = "[No Variations]"
Change component parameters (AddParameter): Name = "Supplier 3 URL"; Value = "https://www.thegioiic.com/tu-nhom-smd-10uf-25v-4x5-4mm"; VariantName = "[No Variations]"
Change component parameters (AddParameter): Name = "Value"; Value = "10uF, 25V"; VariantName = "[No Variations]"
Change component parameters: Designator = "C21" ("C21"); Footprint = "WCAP-ASLI_D8H10.5"; UniqueID = "\VGAQZSZT" ("\VGAQZSZT")
Change component parameters (AddParameter): Name = "Capacitance"; Value = "100uF"; VariantName = "[No Variations]"
Change component parameters (AddParameter): Name = "Capacitance Tolerance"; Value = "+/-20%"; VariantName = "[No Variations]"
Change component parameters (AddParameter): Name = "Category"; Value = "Aluminum Electrolytic Capacitors"; VariantName = "[No Variations]"
Change component parameters (AddParameter): Name = "ComponentLink2Description"; Value = "Datasheet Link"; VariantName = "[No Variations]"
Change component parameters (AddParameter): Name = "ComponentLink2URL"; Value = "https://www.we-online.com/redexpert/spec/865080343009?ad"; VariantName = "[No Variations]"
Change component parameters (AddParameter): Name = "Diameter"; Value = "6.3mm"; VariantName = "[No Variations]"
Change component parameters (AddParameter): Name = "Dissipation Factor"; Value = "16%"; VariantName = "[No Variations]"
Change component parameters (AddParameter): Name = "Endurance"; Value = "2000h"; VariantName = "[No Variations]"
Change component parameters (AddParameter): Name = "Height"; Value = "5.5mm"; VariantName = "[No Variations]"
Change component parameters (AddParameter): Name = "Leakage Current"; Value = "16uA"; VariantName = "[No Variations]"
Change component parameters (AddParameter): Name = "Manufacturer"; Value = "Wurth Elektronik"; VariantName = "[No Variations]"
Change component parameters (AddParameter): Name = "Manufacturer Part Number"; Value = "N/A"; VariantName = "[No Variations]"
Change component parameters (AddParameter): Name = "Mount"; Value = "Surface Mount"; VariantName = "[No Variations]"
Change component parameters (AddParameter): Name = "Operating Temperature Max"; Value = "105°C"; VariantName = "[No Variations]"
Change component parameters (AddParameter): Name = "Operating Temperature Min"; Value = "-55°C"; VariantName = "[No Variations]"
Change component parameters (AddParameter): Name = "Packaging"; Value = "Tape and Reel"; VariantName = "[No Variations]"
Change component parameters (AddParameter): Name = "Rated Voltage (DC)"; Value = "16V"; VariantName = "[No Variations]"
Change component parameters (AddParameter): Name = "Ripple Current"; Value = "255mA"; VariantName = "[No Variations]"
Change component parameters (AddParameter): Name = "Supplier 1 Name"; Value = "Mouser"; VariantName = "[No Variations]"
Change component parameters (AddParameter): Name = "Supplier 1 SN"; Value = "710-865080343009"; VariantName = "[No Variations]"
Change component parameters (AddParameter): Name = "Supplier 1 URL"; Value = "https://www.mouser.com/ProductDetail/Wurth-Elektronik/865080343009?qs=0KOYDY2FL28Gid9q%2FqirTQ%3D%3D"; VariantName = "[No Variations]"
Change component parameters (AddParameter): Name = "Supplier 2 Name"; Value = "Digi-Key"; VariantName = "[No Variations]"
Change component parameters (AddParameter): Name = "Supplier 2 SN"; Value = "N/A"; VariantName = "[No Variations]"
Change component parameters (AddParameter): Name = "Supplier 2 URL"; Value = "N/A"; VariantName = "[No Variations]"
Change component parameters (AddParameter): Name = "Supplier 3 Name"; Value = "thegioiic"; VariantName = "[No Variations]"
Change component parameters (AddParameter): Name = "Supplier 3 SN"; Value = "N/A"; VariantName = "[No Variations]"
Change component parameters (AddParameter): Name = "Supplier 3 URL"; Value = "https://www.thegioiic.com/tu-nhom-smd-100uf-16v-6-3x5-4mm"; VariantName = "[No Variations]"
Change component parameters (AddParameter): Name = "Value"; Value = "100uF, 16V"; VariantName = "[No Variations]"
